ERROR - 2020-02-15 14:17:50 --> Severity: error --> Exception: syntax error, unexpected end of file, expecting function (T_FUNCTION) or const (T_CONST) E:\xampp\htdocs\zgc-beta\application\controllers\Myaccount.php 1033
ERROR - 2020-02-15 14:17:54 --> Severity: error --> Exception: syntax error, unexpected end of file, expecting function (T_FUNCTION) or const (T_CONST) E:\xampp\htdocs\zgc-beta\application\controllers\Myaccount.php 1033
ERROR - 2020-02-15 14:17:55 --> Severity: error --> Exception: syntax error, unexpected end of file, expecting function (T_FUNCTION) or const (T_CONST) E:\xampp\htdocs\zgc-beta\application\controllers\Myaccount.php 1033
ERROR - 2020-02-15 14:18:02 --> Severity: error --> Exception: syntax error, unexpected end of file, expecting function (T_FUNCTION) or const (T_CONST) E:\xampp\htdocs\zgc-beta\application\controllers\Myaccount.php 1033
ERROR - 2020-02-15 14:19:15 --> 404 Page Not Found: js
ERROR - 2020-02-15 14:19:15 --> 404 Page Not Found: js
ERROR - 2020-02-15 14:19:38 --> Severity: error --> Exception: syntax error, unexpected end of file, expecting function (T_FUNCTION) or const (T_CONST) E:\xampp\htdocs\zgc-beta\application\controllers\Myaccount.php 1033
ERROR - 2020-02-15 14:19:42 --> Severity: error --> Exception: syntax error, unexpected end of file, expecting function (T_FUNCTION) or const (T_CONST) E:\xampp\htdocs\zgc-beta\application\controllers\Myaccount.php 1033
ERROR - 2020-02-15 14:19:43 --> Severity: error --> Exception: syntax error, unexpected end of file, expecting function (T_FUNCTION) or const (T_CONST) E:\xampp\htdocs\zgc-beta\application\controllers\Myaccount.php 1033
ERROR - 2020-02-15 14:19:43 --> Severity: error --> Exception: syntax error, unexpected end of file, expecting function (T_FUNCTION) or const (T_CONST) E:\xampp\htdocs\zgc-beta\application\controllers\Myaccount.php 1033
ERROR - 2020-02-15 14:19:44 --> Severity: error --> Exception: syntax error, unexpected end of file, expecting function (T_FUNCTION) or const (T_CONST) E:\xampp\htdocs\zgc-beta\application\controllers\Myaccount.php 1033
ERROR - 2020-02-15 14:19:45 --> Severity: error --> Exception: syntax error, unexpected end of file, expecting function (T_FUNCTION) or const (T_CONST) E:\xampp\htdocs\zgc-beta\application\controllers\Myaccount.php 1033
ERROR - 2020-02-15 14:19:46 --> Severity: error --> Exception: syntax error, unexpected end of file, expecting function (T_FUNCTION) or const (T_CONST) E:\xampp\htdocs\zgc-beta\application\controllers\Myaccount.php 1033
ERROR - 2020-02-15 14:20:33 --> 404 Page Not Found: js
ERROR - 2020-02-15 14:20:34 --> 404 Page Not Found: js
ERROR - 2020-02-15 14:21:30 --> 404 Page Not Found: js
ERROR - 2020-02-15 14:21:30 --> 404 Page Not Found: js
ERROR - 2020-02-15 14:22:54 --> 404 Page Not Found: js
ERROR - 2020-02-15 14:22:54 --> 404 Page Not Found: js
ERROR - 2020-02-15 14:24:55 --> 404 Page Not Found: js
ERROR - 2020-02-15 14:24:56 --> 404 Page Not Found: js
ERROR - 2020-02-15 14:25:24 --> 404 Page Not Found: js
ERROR - 2020-02-15 14:25:25 --> 404 Page Not Found: js
ERROR - 2020-02-15 14:25:53 --> 404 Page Not Found: assets
ERROR - 2020-02-15 14:25:53 --> 404 Page Not Found: js
ERROR - 2020-02-15 14:25:53 --> 404 Page Not Found: assets
ERROR - 2020-02-15 14:25:53 --> 404 Page Not Found: js
ERROR - 2020-02-15 14:26:27 --> 404 Page Not Found: js
ERROR - 2020-02-15 14:26:27 --> 404 Page Not Found: js
ERROR - 2020-02-15 14:27:19 --> 404 Page Not Found: js
ERROR - 2020-02-15 14:27:20 --> 404 Page Not Found: js
ERROR - 2020-02-15 14:28:23 --> 404 Page Not Found: js
ERROR - 2020-02-15 14:28:24 --> 404 Page Not Found: js
ERROR - 2020-02-15 14:29:45 --> Severity: error --> Exception: syntax error, unexpected end of file, expecting function (T_FUNCTION) or const (T_CONST) E:\xampp\htdocs\zgc-beta\application\controllers\Myaccount.php 1033
ERROR - 2020-02-15 14:30:02 --> 404 Page Not Found: js
ERROR - 2020-02-15 14:30:02 --> 404 Page Not Found: js
ERROR - 2020-02-15 14:30:13 --> 404 Page Not Found: js
ERROR - 2020-02-15 14:30:14 --> 404 Page Not Found: js
ERROR - 2020-02-15 14:30:42 --> 404 Page Not Found: js
ERROR - 2020-02-15 14:30:42 --> 404 Page Not Found: js
ERROR - 2020-02-15 14:31:31 --> Severity: error --> Exception: syntax error, unexpected end of file, expecting function (T_FUNCTION) or const (T_CONST) E:\xampp\htdocs\zgc-beta\application\controllers\Myaccount.php 1033
ERROR - 2020-02-15 14:31:47 --> 404 Page Not Found: js
ERROR - 2020-02-15 14:31:47 --> 404 Page Not Found: js
ERROR - 2020-02-15 14:32:22 --> 404 Page Not Found: js
ERROR - 2020-02-15 14:32:23 --> 404 Page Not Found: js
ERROR - 2020-02-15 14:33:46 --> 404 Page Not Found: js
ERROR - 2020-02-15 14:33:46 --> 404 Page Not Found: js
ERROR - 2020-02-15 15:04:58 --> 404 Page Not Found: assets
ERROR - 2020-02-15 15:04:59 --> 404 Page Not Found: assets
ERROR - 2020-02-15 15:09:07 --> 404 Page Not Found: assets
ERROR - 2020-02-15 15:09:07 --> 404 Page Not Found: assets
ERROR - 2020-02-15 15:15:17 --> 404 Page Not Found: js
ERROR - 2020-02-15 15:15:17 --> 404 Page Not Found: js
ERROR - 2020-02-15 15:16:27 --> 404 Page Not Found: assets
ERROR - 2020-02-15 15:16:27 --> 404 Page Not Found: assets
ERROR - 2020-02-15 15:52:22 --> Severity: Notice --> Undefined variable: support E:\xampp\htdocs\zgc-beta\application\views\theme\myaccount\front\support.php 195
ERROR - 2020-02-15 15:52:22 --> Severity: Notice --> Undefined variable: order E:\xampp\htdocs\zgc-beta\application\views\theme\myaccount\front\support.php 404
ERROR - 2020-02-15 15:52:22 --> Severity: Notice --> Trying to get property 'order_id' of non-object E:\xampp\htdocs\zgc-beta\application\views\theme\myaccount\front\support.php 404
ERROR - 2020-02-15 15:52:24 --> 404 Page Not Found: assets
ERROR - 2020-02-15 15:52:24 --> 404 Page Not Found: assets
ERROR - 2020-02-15 15:56:17 --> 404 Page Not Found: assets
ERROR - 2020-02-15 15:56:17 --> 404 Page Not Found: assets
ERROR - 2020-02-15 17:49:35 --> 404 Page Not Found: assets
ERROR - 2020-02-15 17:49:35 --> 404 Page Not Found: assets
ERROR - 2020-02-15 17:50:26 --> 404 Page Not Found: assets
ERROR - 2020-02-15 17:50:26 --> 404 Page Not Found: assets
ERROR - 2020-02-15 18:11:55 --> 404 Page Not Found: assets
ERROR - 2020-02-15 18:11:55 --> 404 Page Not Found: assets
ERROR - 2020-02-15 18:13:04 --> 404 Page Not Found: assets
ERROR - 2020-02-15 18:13:04 --> 404 Page Not Found: assets
ERROR - 2020-02-15 18:30:16 --> 404 Page Not Found: assets
ERROR - 2020-02-15 18:30:16 --> 404 Page Not Found: assets
ERROR - 2020-02-15 18:30:44 --> 404 Page Not Found: assets
ERROR - 2020-02-15 18:30:44 --> 404 Page Not Found: assets
ERROR - 2020-02-15 18:32:22 --> 404 Page Not Found: assets
ERROR - 2020-02-15 18:32:22 --> 404 Page Not Found: assets
ERROR - 2020-02-15 18:35:31 --> 404 Page Not Found: assets
ERROR - 2020-02-15 18:35:31 --> 404 Page Not Found: assets
ERROR - 2020-02-15 18:35:34 --> 404 Page Not Found: assets
ERROR - 2020-02-15 18:39:05 --> 404 Page Not Found: assets
ERROR - 2020-02-15 18:39:05 --> 404 Page Not Found: assets
ERROR - 2020-02-15 18:40:35 --> 404 Page Not Found: assets
ERROR - 2020-02-15 18:40:35 --> 404 Page Not Found: assets
ERROR - 2020-02-15 18:41:18 --> 404 Page Not Found: assets
ERROR - 2020-02-15 18:41:18 --> 404 Page Not Found: assets
ERROR - 2020-02-15 18:43:05 --> 404 Page Not Found: assets
ERROR - 2020-02-15 18:43:05 --> 404 Page Not Found: assets
ERROR - 2020-02-15 18:43:28 --> 404 Page Not Found: assets
ERROR - 2020-02-15 18:45:19 --> 404 Page Not Found: assets
ERROR - 2020-02-15 18:45:19 --> 404 Page Not Found: assets
ERROR - 2020-02-15 18:45:19 --> 404 Page Not Found: assets
ERROR - 2020-02-15 18:51:32 --> 404 Page Not Found: assets
ERROR - 2020-02-15 18:51:32 --> 404 Page Not Found: assets
ERROR - 2020-02-15 18:51:50 --> 404 Page Not Found: assets
ERROR - 2020-02-15 18:51:50 --> 404 Page Not Found: assets
ERROR - 2020-02-15 18:52:53 --> 404 Page Not Found: assets
ERROR - 2020-02-15 18:52:54 --> 404 Page Not Found: assets
ERROR - 2020-02-15 18:53:05 --> 404 Page Not Found: assets
ERROR - 2020-02-15 18:58:17 --> 404 Page Not Found: assets
ERROR - 2020-02-15 18:58:17 --> 404 Page Not Found: assets
ERROR - 2020-02-15 19:01:47 --> 404 Page Not Found: assets
ERROR - 2020-02-15 19:01:47 --> 404 Page Not Found: assets
ERROR - 2020-02-15 19:02:13 --> 404 Page Not Found: assets
ERROR - 2020-02-15 19:12:26 --> 404 Page Not Found: assets
ERROR - 2020-02-15 19:12:26 --> 404 Page Not Found: assets
ERROR - 2020-02-15 19:12:36 --> 404 Page Not Found: assets
ERROR - 2020-02-15 19:13:21 --> 404 Page Not Found: assets
ERROR - 2020-02-15 19:13:22 --> 404 Page Not Found: assets
ERROR - 2020-02-15 19:13:22 --> 404 Page Not Found: assets
ERROR - 2020-02-15 19:18:29 --> 404 Page Not Found: assets
ERROR - 2020-02-15 19:18:29 --> 404 Page Not Found: assets
ERROR - 2020-02-15 19:22:37 --> Severity: Notice --> Undefined index: parent_id E:\xampp\htdocs\zgc-beta\application\controllers\Notes.php 25
ERROR - 2020-02-15 19:22:49 --> Severity: Notice --> Undefined index: parent_id E:\xampp\htdocs\zgc-beta\application\controllers\Notes.php 25
ERROR - 2020-02-15 19:23:04 --> Severity: Notice --> Undefined index: parent_id E:\xampp\htdocs\zgc-beta\application\controllers\Notes.php 25
ERROR - 2020-02-15 19:23:17 --> Severity: Notice --> Undefined index: parent_id E:\xampp\htdocs\zgc-beta\application\controllers\Notes.php 25
ERROR - 2020-02-15 19:23:29 --> Severity: Notice --> Undefined index: parent_id E:\xampp\htdocs\zgc-beta\application\controllers\Notes.php 25
ERROR - 2020-02-15 19:23:40 --> Severity: Notice --> Undefined index: parent_id E:\xampp\htdocs\zgc-beta\application\controllers\Notes.php 25
ERROR - 2020-02-15 19:24:05 --> Severity: Warning --> mysqli::query(): MySQL server has gone away E:\xampp\htdocs\zgc-beta\system\database\drivers\mysqli\mysqli_driver.php 307
ERROR - 2020-02-15 19:24:05 --> Severity: Warning --> mysqli::query(): Error reading result set's header E:\xampp\htdocs\zgc-beta\system\database\drivers\mysqli\mysqli_driver.php 307
ERROR - 2020-02-15 19:24:05 --> Query error: MySQL server has gone away - Invalid query: SELECT *
FROM `orders`
WHERE `order_id` = '7'
ERROR - 2020-02-15 19:25:42 --> Severity: Warning --> mysqli::real_connect(): (HY000/2002): A connection attempt failed because the connected party did not properly respond after a period of time, or established connection failed because connected host has failed to respond.
 E:\xampp\htdocs\zgc-beta\system\database\drivers\mysqli\mysqli_driver.php 203
ERROR - 2020-02-15 19:25:42 --> Unable to connect to the database
ERROR - 2020-02-15 19:26:03 --> Severity: Warning --> mysqli::real_connect(): (HY000/2002): A connection attempt failed because the connected party did not properly respond after a period of time, or established connection failed because connected host has failed to respond.
 E:\xampp\htdocs\zgc-beta\system\database\drivers\mysqli\mysqli_driver.php 203
ERROR - 2020-02-15 19:26:03 --> Unable to connect to the database
ERROR - 2020-02-15 19:26:30 --> Severity: Warning --> mysqli::real_connect(): (HY000/2002): A connection attempt failed because the connected party did not properly respond after a period of time, or established connection failed because connected host has failed to respond.
 E:\xampp\htdocs\zgc-beta\system\database\drivers\mysqli\mysqli_driver.php 203
ERROR - 2020-02-15 19:26:30 --> Unable to connect to the database
ERROR - 2020-02-15 19:27:29 --> Severity: Warning --> mysqli::real_connect(): (HY000/2002): A connection attempt failed because the connected party did not properly respond after a period of time, or established connection failed because connected host has failed to respond.
 E:\xampp\htdocs\zgc-beta\system\database\drivers\mysqli\mysqli_driver.php 203
ERROR - 2020-02-15 19:27:29 --> Unable to connect to the database
ERROR - 2020-02-15 19:27:53 --> Severity: Warning --> mysqli::query(): MySQL server has gone away E:\xampp\htdocs\zgc-beta\system\database\drivers\mysqli\mysqli_driver.php 307
ERROR - 2020-02-15 19:27:53 --> Severity: Warning --> mysqli::query(): Error reading result set's header E:\xampp\htdocs\zgc-beta\system\database\drivers\mysqli\mysqli_driver.php 307
ERROR - 2020-02-15 19:27:53 --> Query error: MySQL server has gone away - Invalid query: SELECT GET_LOCK('7902fffe9262aadfdbf603f920e31205', 300) AS ci_session_lock
ERROR - 2020-02-15 19:28:08 --> Severity: Warning --> mysqli::query(): MySQL server has gone away E:\xampp\htdocs\zgc-beta\system\database\drivers\mysqli\mysqli_driver.php 307
ERROR - 2020-02-15 19:28:08 --> Severity: Warning --> mysqli::query(): Error reading result set's header E:\xampp\htdocs\zgc-beta\system\database\drivers\mysqli\mysqli_driver.php 307
ERROR - 2020-02-15 19:28:08 --> Query error: MySQL server has gone away - Invalid query: SELECT GET_LOCK('7902fffe9262aadfdbf603f920e31205', 300) AS ci_session_lock
ERROR - 2020-02-15 19:28:50 --> Severity: Warning --> mysqli::real_connect(): (HY000/2002): A connection attempt failed because the connected party did not properly respond after a period of time, or established connection failed because connected host has failed to respond.
 E:\xampp\htdocs\zgc-beta\system\database\drivers\mysqli\mysqli_driver.php 203
ERROR - 2020-02-15 19:28:50 --> Unable to connect to the database
ERROR - 2020-02-15 19:32:29 --> Severity: Warning --> mysqli::real_connect(): (HY000/2002): A connection attempt failed because the connected party did not properly respond after a period of time, or established connection failed because connected host has failed to respond.
 E:\xampp\htdocs\zgc-beta\system\database\drivers\mysqli\mysqli_driver.php 203
ERROR - 2020-02-15 19:32:29 --> Unable to connect to the database
ERROR - 2020-02-15 19:37:29 --> Severity: Warning --> mysqli::real_connect(): (HY000/2002): A connection attempt failed because the connected party did not properly respond after a period of time, or established connection failed because connected host has failed to respond.
 E:\xampp\htdocs\zgc-beta\system\database\drivers\mysqli\mysqli_driver.php 203
ERROR - 2020-02-15 19:37:29 --> Unable to connect to the database
ERROR - 2020-02-15 19:43:59 --> Severity: Warning --> mysqli::real_connect(): (HY000/2002): A connection attempt failed because the connected party did not properly respond after a period of time, or established connection failed because connected host has failed to respond.
 E:\xampp\htdocs\zgc-beta\system\database\drivers\mysqli\mysqli_driver.php 203
ERROR - 2020-02-15 19:43:59 --> Unable to connect to the database
ERROR - 2020-02-15 19:51:17 --> Severity: Warning --> mysqli::real_connect(): (HY000/2002): A connection attempt failed because the connected party did not properly respond after a period of time, or established connection failed because connected host has failed to respond.
 E:\xampp\htdocs\zgc-beta\system\database\drivers\mysqli\mysqli_driver.php 203
ERROR - 2020-02-15 19:51:17 --> Unable to connect to the database
ERROR - 2020-02-15 19:51:56 --> Severity: Warning --> session_start(): Failed to read session data: user (path: E:\xampp\tmp) E:\xampp\htdocs\zgc-beta\system\libraries\Session\Session.php 143
ERROR - 2020-02-15 19:58:16 --> Severity: Warning --> session_start(): Failed to read session data: user (path: E:\xampp\tmp) E:\xampp\htdocs\zgc-beta\system\libraries\Session\Session.php 143
ERROR - 2020-02-15 19:58:25 --> Severity: Warning --> session_start(): Failed to read session data: user (path: E:\xampp\tmp) E:\xampp\htdocs\zgc-beta\system\libraries\Session\Session.php 143
ERROR - 2020-02-15 20:03:51 --> Severity: Warning --> session_start(): Failed to read session data: user (path: E:\xampp\tmp) E:\xampp\htdocs\zgc-beta\system\libraries\Session\Session.php 143
ERROR - 2020-02-15 20:05:56 --> Severity: Warning --> session_start(): Failed to read session data: user (path: E:\xampp\tmp) E:\xampp\htdocs\zgc-beta\system\libraries\Session\Session.php 143
ERROR - 2020-02-15 20:06:40 --> 404 Page Not Found: assets
ERROR - 2020-02-15 20:06:40 --> 404 Page Not Found: assets
ERROR - 2020-02-15 20:09:30 --> 404 Page Not Found: assets
ERROR - 2020-02-15 20:09:30 --> 404 Page Not Found: assets
ERROR - 2020-02-15 20:10:31 --> 404 Page Not Found: assets
ERROR - 2020-02-15 20:10:31 --> 404 Page Not Found: assets
ERROR - 2020-02-15 20:12:52 --> 404 Page Not Found: assets
ERROR - 2020-02-15 20:12:52 --> 404 Page Not Found: assets
ERROR - 2020-02-15 20:13:57 --> 404 Page Not Found: assets
ERROR - 2020-02-15 20:13:57 --> 404 Page Not Found: assets
ERROR - 2020-02-15 20:15:06 --> 404 Page Not Found: assets
ERROR - 2020-02-15 20:15:06 --> 404 Page Not Found: assets
ERROR - 2020-02-15 20:19:27 --> 404 Page Not Found: assets
ERROR - 2020-02-15 20:19:27 --> 404 Page Not Found: assets
ERROR - 2020-02-15 20:20:30 --> 404 Page Not Found: assets
ERROR - 2020-02-15 20:20:30 --> 404 Page Not Found: assets
ERROR - 2020-02-15 20:22:36 --> 404 Page Not Found: assets
ERROR - 2020-02-15 20:22:36 --> 404 Page Not Found: assets
ERROR - 2020-02-15 20:23:50 --> 404 Page Not Found: assets
ERROR - 2020-02-15 20:23:50 --> 404 Page Not Found: assets
ERROR - 2020-02-15 20:24:36 --> 404 Page Not Found: assets
ERROR - 2020-02-15 20:24:36 --> 404 Page Not Found: assets
ERROR - 2020-02-15 20:25:14 --> 404 Page Not Found: assets
ERROR - 2020-02-15 20:25:14 --> 404 Page Not Found: assets
ERROR - 2020-02-15 20:26:34 --> 404 Page Not Found: assets
ERROR - 2020-02-15 20:26:34 --> 404 Page Not Found: assets
ERROR - 2020-02-15 20:28:50 --> 404 Page Not Found: assets
ERROR - 2020-02-15 20:28:50 --> 404 Page Not Found: assets
ERROR - 2020-02-15 20:29:55 --> 404 Page Not Found: assets
ERROR - 2020-02-15 20:29:55 --> 404 Page Not Found: assets
ERROR - 2020-02-15 20:32:04 --> 404 Page Not Found: assets
ERROR - 2020-02-15 20:32:04 --> 404 Page Not Found: assets
ERROR - 2020-02-15 20:33:28 --> 404 Page Not Found: assets
ERROR - 2020-02-15 20:33:28 --> 404 Page Not Found: assets
ERROR - 2020-02-15 20:35:00 --> 404 Page Not Found: assets
ERROR - 2020-02-15 20:35:01 --> 404 Page Not Found: assets
ERROR - 2020-02-15 20:35:56 --> 404 Page Not Found: assets
ERROR - 2020-02-15 20:35:56 --> 404 Page Not Found: assets
ERROR - 2020-02-15 20:37:42 --> 404 Page Not Found: assets
ERROR - 2020-02-15 20:37:42 --> 404 Page Not Found: assets
ERROR - 2020-02-15 20:40:14 --> 404 Page Not Found: assets
ERROR - 2020-02-15 20:40:14 --> 404 Page Not Found: assets
ERROR - 2020-02-15 20:40:30 --> 404 Page Not Found: assets
ERROR - 2020-02-15 20:41:17 --> 404 Page Not Found: assets
ERROR - 2020-02-15 20:42:48 --> 404 Page Not Found: assets
ERROR - 2020-02-15 20:42:48 --> 404 Page Not Found: assets
ERROR - 2020-02-15 20:43:30 --> 404 Page Not Found: assets
ERROR - 2020-02-15 20:43:45 --> 404 Page Not Found: assets
ERROR - 2020-02-15 20:43:45 --> 404 Page Not Found: assets
ERROR - 2020-02-15 20:43:45 --> 404 Page Not Found: assets
ERROR - 2020-02-15 20:44:00 --> 404 Page Not Found: assets
ERROR - 2020-02-15 20:44:00 --> 404 Page Not Found: assets
ERROR - 2020-02-15 20:44:00 --> 404 Page Not Found: assets
ERROR - 2020-02-15 20:45:31 --> 404 Page Not Found: assets
ERROR - 2020-02-15 20:48:22 --> 404 Page Not Found: assets
ERROR - 2020-02-15 20:48:22 --> 404 Page Not Found: assets
ERROR - 2020-02-15 21:02:24 --> Severity: Notice --> Undefined variable: supportReply_list E:\xampp\htdocs\zgc-beta\application\views\theme\myaccount\front\support.php 418
ERROR - 2020-02-15 21:02:26 --> 404 Page Not Found: assets
ERROR - 2020-02-15 21:02:26 --> 404 Page Not Found: assets
ERROR - 2020-02-15 21:03:01 --> Severity: Notice --> Undefined variable: supportReply_list E:\xampp\htdocs\zgc-beta\application\views\theme\myaccount\front\support.php 418
ERROR - 2020-02-15 21:03:08 --> Severity: Notice --> Undefined variable: supportReply_list E:\xampp\htdocs\zgc-beta\application\views\theme\myaccount\front\support.php 418
ERROR - 2020-02-15 21:03:15 --> Severity: Notice --> Undefined variable: supportReply_list E:\xampp\htdocs\zgc-beta\application\views\theme\myaccount\front\support.php 418
ERROR - 2020-02-15 21:03:22 --> Severity: Notice --> Undefined variable: supportReply_list E:\xampp\htdocs\zgc-beta\application\views\theme\myaccount\front\support.php 418
ERROR - 2020-02-15 21:03:25 --> 404 Page Not Found: assets
ERROR - 2020-02-15 21:03:25 --> 404 Page Not Found: assets
ERROR - 2020-02-15 21:04:00 --> Severity: Notice --> Undefined variable: supportReply_list E:\xampp\htdocs\zgc-beta\application\views\theme\myaccount\front\support.php 418
ERROR - 2020-02-15 21:04:02 --> 404 Page Not Found: assets
ERROR - 2020-02-15 21:04:02 --> 404 Page Not Found: assets
ERROR - 2020-02-15 21:07:20 --> Severity: Notice --> Undefined variable: supportReply_list E:\xampp\htdocs\zgc-beta\application\views\theme\myaccount\front\support.php 416
ERROR - 2020-02-15 21:07:22 --> 404 Page Not Found: assets
ERROR - 2020-02-15 21:07:22 --> 404 Page Not Found: assets
ERROR - 2020-02-15 21:07:39 --> Severity: Notice --> Undefined variable: supportReply_list E:\xampp\htdocs\zgc-beta\application\views\theme\myaccount\front\support.php 416
ERROR - 2020-02-15 21:07:41 --> 404 Page Not Found: assets
ERROR - 2020-02-15 21:07:41 --> 404 Page Not Found: assets
ERROR - 2020-02-15 21:12:19 --> Severity: Notice --> Undefined variable: supportReply_list E:\xampp\htdocs\zgc-beta\application\views\theme\myaccount\front\support.php 416
ERROR - 2020-02-15 21:12:19 --> Severity: Warning --> Invalid argument supplied for foreach() E:\xampp\htdocs\zgc-beta\application\views\theme\myaccount\front\support.php 416
ERROR - 2020-02-15 21:12:26 --> Severity: Notice --> Undefined variable: supportReply_list E:\xampp\htdocs\zgc-beta\application\views\theme\myaccount\front\support.php 416
ERROR - 2020-02-15 21:12:26 --> Severity: Warning --> Invalid argument supplied for foreach() E:\xampp\htdocs\zgc-beta\application\views\theme\myaccount\front\support.php 416
ERROR - 2020-02-15 21:12:33 --> Severity: Notice --> Undefined variable: supportReply_list E:\xampp\htdocs\zgc-beta\application\views\theme\myaccount\front\support.php 416
ERROR - 2020-02-15 21:12:33 --> Severity: Warning --> Invalid argument supplied for foreach() E:\xampp\htdocs\zgc-beta\application\views\theme\myaccount\front\support.php 416
ERROR - 2020-02-15 21:12:40 --> Severity: Notice --> Undefined variable: supportReply_list E:\xampp\htdocs\zgc-beta\application\views\theme\myaccount\front\support.php 416
ERROR - 2020-02-15 21:12:40 --> Severity: Warning --> Invalid argument supplied for foreach() E:\xampp\htdocs\zgc-beta\application\views\theme\myaccount\front\support.php 416
ERROR - 2020-02-15 21:12:52 --> Severity: Notice --> Undefined variable: supportReply_list E:\xampp\htdocs\zgc-beta\application\views\theme\myaccount\front\support.php 416
ERROR - 2020-02-15 21:12:52 --> Severity: Warning --> Invalid argument supplied for foreach() E:\xampp\htdocs\zgc-beta\application\views\theme\myaccount\front\support.php 416
ERROR - 2020-02-15 21:13:02 --> Severity: Notice --> Undefined variable: supportReply_list E:\xampp\htdocs\zgc-beta\application\views\theme\myaccount\front\support.php 416
ERROR - 2020-02-15 21:13:02 --> Severity: Warning --> Invalid argument supplied for foreach() E:\xampp\htdocs\zgc-beta\application\views\theme\myaccount\front\support.php 416
ERROR - 2020-02-15 21:13:09 --> Severity: Notice --> Undefined variable: supportReply_list E:\xampp\htdocs\zgc-beta\application\views\theme\myaccount\front\support.php 416
ERROR - 2020-02-15 21:13:09 --> Severity: Warning --> Invalid argument supplied for foreach() E:\xampp\htdocs\zgc-beta\application\views\theme\myaccount\front\support.php 416
ERROR - 2020-02-15 21:13:16 --> Severity: Notice --> Undefined variable: supportReply_list E:\xampp\htdocs\zgc-beta\application\views\theme\myaccount\front\support.php 416
ERROR - 2020-02-15 21:13:16 --> Severity: Warning --> Invalid argument supplied for foreach() E:\xampp\htdocs\zgc-beta\application\views\theme\myaccount\front\support.php 416
ERROR - 2020-02-15 21:13:18 --> 404 Page Not Found: assets
ERROR - 2020-02-15 21:13:18 --> 404 Page Not Found: assets
ERROR - 2020-02-15 21:13:36 --> Severity: Notice --> Undefined variable: supportReply_list E:\xampp\htdocs\zgc-beta\application\views\theme\myaccount\front\support.php 416
ERROR - 2020-02-15 21:13:36 --> Severity: Warning --> Invalid argument supplied for foreach() E:\xampp\htdocs\zgc-beta\application\views\theme\myaccount\front\support.php 416
ERROR - 2020-02-15 21:13:43 --> Severity: Notice --> Undefined variable: supportReply_list E:\xampp\htdocs\zgc-beta\application\views\theme\myaccount\front\support.php 416
ERROR - 2020-02-15 21:13:43 --> Severity: Warning --> Invalid argument supplied for foreach() E:\xampp\htdocs\zgc-beta\application\views\theme\myaccount\front\support.php 416
ERROR - 2020-02-15 21:13:50 --> Severity: Notice --> Undefined variable: supportReply_list E:\xampp\htdocs\zgc-beta\application\views\theme\myaccount\front\support.php 416
ERROR - 2020-02-15 21:13:50 --> Severity: Warning --> Invalid argument supplied for foreach() E:\xampp\htdocs\zgc-beta\application\views\theme\myaccount\front\support.php 416
ERROR - 2020-02-15 21:13:57 --> Severity: Notice --> Undefined variable: supportReply_list E:\xampp\htdocs\zgc-beta\application\views\theme\myaccount\front\support.php 416
ERROR - 2020-02-15 21:13:57 --> Severity: Warning --> Invalid argument supplied for foreach() E:\xampp\htdocs\zgc-beta\application\views\theme\myaccount\front\support.php 416
ERROR - 2020-02-15 21:13:59 --> 404 Page Not Found: assets
ERROR - 2020-02-15 21:13:59 --> 404 Page Not Found: assets
ERROR - 2020-02-15 21:24:17 --> Severity: Notice --> Undefined variable: supportReply_list E:\xampp\htdocs\zgc-beta\application\views\theme\myaccount\front\support.php 106
ERROR - 2020-02-15 21:24:17 --> Severity: Warning --> Invalid argument supplied for foreach() E:\xampp\htdocs\zgc-beta\application\views\theme\myaccount\front\support.php 106
ERROR - 2020-02-15 21:24:19 --> 404 Page Not Found: assets
ERROR - 2020-02-15 21:24:19 --> 404 Page Not Found: assets
ERROR - 2020-02-15 21:34:38 --> Severity: Notice --> Undefined variable: supportReply_list E:\xampp\htdocs\zgc-beta\application\views\theme\myaccount\front\support.php 106
ERROR - 2020-02-15 21:34:38 --> Severity: Warning --> Invalid argument supplied for foreach() E:\xampp\htdocs\zgc-beta\application\views\theme\myaccount\front\support.php 106
ERROR - 2020-02-15 21:34:40 --> 404 Page Not Found: assets
ERROR - 2020-02-15 21:34:40 --> 404 Page Not Found: assets
ERROR - 2020-02-15 21:41:51 --> Severity: Notice --> Undefined variable: supports E:\xampp\htdocs\zgc-beta\application\views\theme\myaccount\front\support.php 105
ERROR - 2020-02-15 21:41:51 --> Severity: Notice --> Undefined variable: key E:\xampp\htdocs\zgc-beta\application\views\theme\myaccount\front\support.php 105
ERROR - 2020-02-15 21:41:51 --> Severity: Notice --> Trying to get property 'supportReply_list' of non-object E:\xampp\htdocs\zgc-beta\application\views\theme\myaccount\front\support.php 105
ERROR - 2020-02-15 21:41:51 --> Severity: Warning --> Invalid argument supplied for foreach() E:\xampp\htdocs\zgc-beta\application\views\theme\myaccount\front\support.php 106
ERROR - 2020-02-15 21:41:54 --> 404 Page Not Found: assets
ERROR - 2020-02-15 21:41:54 --> 404 Page Not Found: assets
ERROR - 2020-02-15 21:45:03 --> Severity: Notice --> Undefined variable: supportReply_list E:\xampp\htdocs\zgc-beta\application\views\theme\myaccount\front\support.php 415
ERROR - 2020-02-15 21:45:03 --> Severity: Warning --> Invalid argument supplied for foreach() E:\xampp\htdocs\zgc-beta\application\views\theme\myaccount\front\support.php 415
ERROR - 2020-02-15 21:45:05 --> 404 Page Not Found: assets
ERROR - 2020-02-15 21:45:05 --> 404 Page Not Found: assets
ERROR - 2020-02-15 21:52:16 --> Severity: Notice --> Undefined variable: supportReply_list E:\xampp\htdocs\zgc-beta\application\views\theme\myaccount\front\support.php 415
ERROR - 2020-02-15 21:52:16 --> Severity: Warning --> Invalid argument supplied for foreach() E:\xampp\htdocs\zgc-beta\application\views\theme\myaccount\front\support.php 415
ERROR - 2020-02-15 21:52:17 --> 404 Page Not Found: assets
ERROR - 2020-02-15 21:52:17 --> 404 Page Not Found: assets
ERROR - 2020-02-15 22:47:11 --> 404 Page Not Found: assets
ERROR - 2020-02-15 22:47:11 --> 404 Page Not Found: assets
ERROR - 2020-02-15 22:48:02 --> 404 Page Not Found: assets
ERROR - 2020-02-15 22:48:02 --> 404 Page Not Found: assets
ERROR - 2020-02-15 22:51:56 --> 404 Page Not Found: assets
ERROR - 2020-02-15 22:51:56 --> 404 Page Not Found: assets
ERROR - 2020-02-15 22:52:40 --> 404 Page Not Found: assets
ERROR - 2020-02-15 22:52:40 --> 404 Page Not Found: assets
ERROR - 2020-02-15 22:55:00 --> 404 Page Not Found: assets
ERROR - 2020-02-15 22:55:00 --> 404 Page Not Found: assets
ERROR - 2020-02-15 22:56:37 --> 404 Page Not Found: assets
ERROR - 2020-02-15 22:56:37 --> 404 Page Not Found: assets
ERROR - 2020-02-15 22:58:36 --> 404 Page Not Found: assets
ERROR - 2020-02-15 22:58:36 --> 404 Page Not Found: assets
ERROR - 2020-02-15 22:58:43 --> Severity: Notice --> Undefined variable: supportreply E:\xampp\htdocs\zgc-beta\application\views\theme\myaccount\front\ajax\support_reply.php 38
ERROR - 2020-02-15 22:58:43 --> Severity: Notice --> Trying to get property 'ticket_id' of non-object E:\xampp\htdocs\zgc-beta\application\views\theme\myaccount\front\ajax\support_reply.php 38
ERROR - 2020-02-15 22:59:07 --> 404 Page Not Found: assets
ERROR - 2020-02-15 22:59:07 --> 404 Page Not Found: assets
ERROR - 2020-02-15 23:01:23 --> 404 Page Not Found: assets
ERROR - 2020-02-15 23:01:23 --> 404 Page Not Found: assets
ERROR - 2020-02-15 23:03:34 --> 404 Page Not Found: assets
ERROR - 2020-02-15 23:05:04 --> 404 Page Not Found: assets
ERROR - 2020-02-15 23:05:04 --> 404 Page Not Found: assets
ERROR - 2020-02-15 23:06:40 --> 404 Page Not Found: assets
ERROR - 2020-02-15 23:06:40 --> 404 Page Not Found: assets
ERROR - 2020-02-15 23:06:58 --> 404 Page Not Found: assets
ERROR - 2020-02-15 23:06:58 --> 404 Page Not Found: assets
ERROR - 2020-02-15 23:07:48 --> 404 Page Not Found: assets
ERROR - 2020-02-15 23:12:02 --> 404 Page Not Found: assets
ERROR - 2020-02-15 23:12:02 --> 404 Page Not Found: assets
