ERROR - 2020-02-27 00:25:17 --> 404 Page Not Found: js
ERROR - 2020-02-27 00:25:17 --> 404 Page Not Found: assets
ERROR - 2020-02-27 00:25:17 --> 404 Page Not Found: js
ERROR - 2020-02-27 00:25:17 --> 404 Page Not Found: assets
ERROR - 2020-02-27 00:25:17 --> 404 Page Not Found: assets
ERROR - 2020-02-27 00:25:17 --> 404 Page Not Found: assets
ERROR - 2020-02-27 00:43:09 --> Severity: Warning --> mysqli::query(): MySQL server has gone away E:\xampp\htdocs\zgc-beta\system\database\drivers\mysqli\mysqli_driver.php 307
ERROR - 2020-02-27 00:43:09 --> Severity: Warning --> mysqli::query(): Error reading result set's header E:\xampp\htdocs\zgc-beta\system\database\drivers\mysqli\mysqli_driver.php 307
ERROR - 2020-02-27 00:43:09 --> Query error: MySQL server has gone away - Invalid query: SELECT `orders`.*, `products`.`category_id`, `products`.`product_type`, `products`.`product_name`, `products`.`description`, `products`.`selling_price`, `users`.`first_name`, `users`.`last_name`, `user_details`.`email`, `user_details`.`phone`, `order_items_detail`.`order_qty`
FROM `orders`
JOIN `products` ON `products`.`product_id`=`orders`.`product_id`
LEFT JOIN `order_items_detail` ON `order_items_detail`.`order_id`=`orders`.`order_id`
LEFT JOIN `user_details` ON `orders`.`user_id`=`user_details`.`user_id`
JOIN `users` ON `users`.`id`=`orders`.`user_id`
WHERE `orders`.`is_delete` <> 2
AND `orders`.`status` = '4'
ORDER BY `orders`.`order_id` DESC
ERROR - 2020-02-27 00:43:09 --> Severity: error --> Exception: Call to a member function result() on boolean E:\xampp\htdocs\zgc-beta\application\models\Order_model.php 21
ERROR - 2020-02-27 00:52:26 --> 404 Page Not Found: js
ERROR - 2020-02-27 00:52:27 --> 404 Page Not Found: assets
ERROR - 2020-02-27 00:52:27 --> 404 Page Not Found: assets
ERROR - 2020-02-27 01:07:01 --> 404 Page Not Found: assets
ERROR - 2020-02-27 01:07:01 --> 404 Page Not Found: assets
ERROR - 2020-02-27 01:07:01 --> 404 Page Not Found: js
ERROR - 2020-02-27 01:07:01 --> 404 Page Not Found: js
ERROR - 2020-02-27 01:07:01 --> 404 Page Not Found: assets
ERROR - 2020-02-27 01:07:01 --> 404 Page Not Found: assets
ERROR - 2020-02-27 01:07:02 --> 404 Page Not Found: assets
ERROR - 2020-02-27 01:08:34 --> 404 Page Not Found: assets
ERROR - 2020-02-27 01:08:34 --> 404 Page Not Found: assets
ERROR - 2020-02-27 01:08:34 --> 404 Page Not Found: js
ERROR - 2020-02-27 01:08:34 --> 404 Page Not Found: assets
ERROR - 2020-02-27 01:08:34 --> 404 Page Not Found: assets
ERROR - 2020-02-27 01:08:34 --> 404 Page Not Found: js
ERROR - 2020-02-27 01:08:34 --> 404 Page Not Found: assets
ERROR - 2020-02-27 01:08:34 --> 404 Page Not Found: assets
ERROR - 2020-02-27 01:13:43 --> 404 Page Not Found: js
ERROR - 2020-02-27 01:13:43 --> 404 Page Not Found: assets
ERROR - 2020-02-27 01:13:43 --> 404 Page Not Found: assets
ERROR - 2020-02-27 01:13:43 --> 404 Page Not Found: js
ERROR - 2020-02-27 01:13:44 --> 404 Page Not Found: assets
ERROR - 2020-02-27 01:13:44 --> 404 Page Not Found: assets
ERROR - 2020-02-27 01:14:23 --> 404 Page Not Found: js
ERROR - 2020-02-27 01:14:23 --> 404 Page Not Found: assets
ERROR - 2020-02-27 01:14:23 --> 404 Page Not Found: assets
ERROR - 2020-02-27 01:14:23 --> 404 Page Not Found: assets
ERROR - 2020-02-27 01:14:23 --> 404 Page Not Found: assets
ERROR - 2020-02-27 01:14:24 --> 404 Page Not Found: js
ERROR - 2020-02-27 01:14:24 --> 404 Page Not Found: assets
ERROR - 2020-02-27 01:14:24 --> 404 Page Not Found: assets
ERROR - 2020-02-27 01:16:21 --> 404 Page Not Found: js
ERROR - 2020-02-27 01:16:21 --> 404 Page Not Found: assets
ERROR - 2020-02-27 01:16:21 --> 404 Page Not Found: assets
ERROR - 2020-02-27 01:16:21 --> 404 Page Not Found: js
ERROR - 2020-02-27 01:16:21 --> 404 Page Not Found: assets
ERROR - 2020-02-27 01:16:21 --> 404 Page Not Found: assets
ERROR - 2020-02-27 01:21:47 --> Severity: Warning --> session_start(): Failed to read session data: user (path: E:\xampp\tmp) E:\xampp\htdocs\zgc-beta\system\libraries\Session\Session.php 143
ERROR - 2020-02-27 01:25:33 --> Severity: Warning --> session_start(): Failed to read session data: user (path: E:\xampp\tmp) E:\xampp\htdocs\zgc-beta\system\libraries\Session\Session.php 143
ERROR - 2020-02-27 01:27:55 --> Severity: Warning --> session_start(): Failed to read session data: user (path: E:\xampp\tmp) E:\xampp\htdocs\zgc-beta\system\libraries\Session\Session.php 143
ERROR - 2020-02-27 01:29:39 --> Severity: Warning --> session_start(): Failed to read session data: user (path: E:\xampp\tmp) E:\xampp\htdocs\zgc-beta\system\libraries\Session\Session.php 143
ERROR - 2020-02-27 01:34:41 --> Severity: Warning --> session_start(): Failed to read session data: user (path: E:\xampp\tmp) E:\xampp\htdocs\zgc-beta\system\libraries\Session\Session.php 143
ERROR - 2020-02-27 01:39:49 --> Severity: Warning --> session_start(): Failed to read session data: user (path: E:\xampp\tmp) E:\xampp\htdocs\zgc-beta\system\libraries\Session\Session.php 143
ERROR - 2020-02-27 01:44:52 --> Severity: Warning --> session_start(): Failed to read session data: user (path: E:\xampp\tmp) E:\xampp\htdocs\zgc-beta\system\libraries\Session\Session.php 143
ERROR - 2020-02-27 01:49:54 --> Severity: Warning --> session_start(): Failed to read session data: user (path: E:\xampp\tmp) E:\xampp\htdocs\zgc-beta\system\libraries\Session\Session.php 143
ERROR - 2020-02-27 02:03:22 --> Severity: Warning --> session_start(): Failed to read session data: user (path: E:\xampp\tmp) E:\xampp\htdocs\zgc-beta\system\libraries\Session\Session.php 143
ERROR - 2020-02-27 02:03:31 --> Severity: Warning --> session_start(): Failed to read session data: user (path: E:\xampp\tmp) E:\xampp\htdocs\zgc-beta\system\libraries\Session\Session.php 143
ERROR - 2020-02-27 02:03:33 --> Severity: Warning --> session_start(): Failed to read session data: user (path: E:\xampp\tmp) E:\xampp\htdocs\zgc-beta\system\libraries\Session\Session.php 143
ERROR - 2020-02-27 02:03:51 --> Severity: Warning --> session_start(): Failed to read session data: user (path: E:\xampp\tmp) E:\xampp\htdocs\zgc-beta\system\libraries\Session\Session.php 143
ERROR - 2020-02-27 02:03:52 --> Severity: Warning --> session_start(): Failed to read session data: user (path: E:\xampp\tmp) E:\xampp\htdocs\zgc-beta\system\libraries\Session\Session.php 143
ERROR - 2020-02-27 02:03:52 --> Severity: Warning --> session_start(): Failed to read session data: user (path: E:\xampp\tmp) E:\xampp\htdocs\zgc-beta\system\libraries\Session\Session.php 143
ERROR - 2020-02-27 02:04:07 --> Severity: Warning --> mysqli::real_connect(): MySQL server has gone away E:\xampp\htdocs\zgc-beta\system\database\drivers\mysqli\mysqli_driver.php 203
ERROR - 2020-02-27 02:04:07 --> Severity: Warning --> mysqli::real_connect(): (HY000/2006): MySQL server has gone away E:\xampp\htdocs\zgc-beta\system\database\drivers\mysqli\mysqli_driver.php 203
ERROR - 2020-02-27 02:04:07 --> Unable to connect to the database
ERROR - 2020-02-27 02:04:18 --> Severity: Warning --> mysqli::real_connect(): MySQL server has gone away E:\xampp\htdocs\zgc-beta\system\database\drivers\mysqli\mysqli_driver.php 203
ERROR - 2020-02-27 02:04:18 --> Severity: Warning --> mysqli::real_connect(): (HY000/2006): MySQL server has gone away E:\xampp\htdocs\zgc-beta\system\database\drivers\mysqli\mysqli_driver.php 203
ERROR - 2020-02-27 02:04:18 --> Severity: Warning --> session_start(): Failed to initialize storage module: user (path: E:\xampp\tmp) E:\xampp\htdocs\zgc-beta\system\libraries\Session\Session.php 143
ERROR - 2020-02-27 02:04:18 --> Severity: error --> Exception: Call to a member function real_escape_string() on boolean E:\xampp\htdocs\zgc-beta\system\database\drivers\mysqli\mysqli_driver.php 393
ERROR - 2020-02-27 02:04:29 --> Severity: Warning --> mysqli::real_connect(): MySQL server has gone away E:\xampp\htdocs\zgc-beta\system\database\drivers\mysqli\mysqli_driver.php 203
ERROR - 2020-02-27 02:04:29 --> Severity: Warning --> mysqli::real_connect(): (HY000/2006): MySQL server has gone away E:\xampp\htdocs\zgc-beta\system\database\drivers\mysqli\mysqli_driver.php 203
ERROR - 2020-02-27 02:04:29 --> Unable to connect to the database
ERROR - 2020-02-27 02:04:40 --> Severity: Warning --> mysqli::real_connect(): MySQL server has gone away E:\xampp\htdocs\zgc-beta\system\database\drivers\mysqli\mysqli_driver.php 203
ERROR - 2020-02-27 02:04:40 --> Severity: Warning --> mysqli::real_connect(): (HY000/2006): MySQL server has gone away E:\xampp\htdocs\zgc-beta\system\database\drivers\mysqli\mysqli_driver.php 203
ERROR - 2020-02-27 02:04:40 --> Severity: Warning --> session_start(): Failed to initialize storage module: user (path: E:\xampp\tmp) E:\xampp\htdocs\zgc-beta\system\libraries\Session\Session.php 143
ERROR - 2020-02-27 02:04:40 --> Severity: error --> Exception: Call to a member function real_escape_string() on boolean E:\xampp\htdocs\zgc-beta\system\database\drivers\mysqli\mysqli_driver.php 393
ERROR - 2020-02-27 02:07:08 --> Severity: Warning --> mysqli::real_connect(): MySQL server has gone away E:\xampp\htdocs\zgc-beta\system\database\drivers\mysqli\mysqli_driver.php 203
ERROR - 2020-02-27 02:07:08 --> Severity: Warning --> mysqli::real_connect(): Error reading result set's header E:\xampp\htdocs\zgc-beta\system\database\drivers\mysqli\mysqli_driver.php 203
ERROR - 2020-02-27 02:07:08 --> Severity: Warning --> mysqli::real_connect(): (HY000/2006): MySQL server has gone away E:\xampp\htdocs\zgc-beta\system\database\drivers\mysqli\mysqli_driver.php 203
ERROR - 2020-02-27 02:07:08 --> Unable to connect to the database
ERROR - 2020-02-27 02:07:19 --> Severity: Warning --> mysqli::real_connect(): MySQL server has gone away E:\xampp\htdocs\zgc-beta\system\database\drivers\mysqli\mysqli_driver.php 203
ERROR - 2020-02-27 02:07:19 --> Severity: Warning --> mysqli::real_connect(): (HY000/2006): MySQL server has gone away E:\xampp\htdocs\zgc-beta\system\database\drivers\mysqli\mysqli_driver.php 203
ERROR - 2020-02-27 02:07:19 --> Severity: Warning --> session_start(): Failed to initialize storage module: user (path: E:\xampp\tmp) E:\xampp\htdocs\zgc-beta\system\libraries\Session\Session.php 143
ERROR - 2020-02-27 02:07:19 --> Severity: error --> Exception: Call to a member function real_escape_string() on boolean E:\xampp\htdocs\zgc-beta\system\database\drivers\mysqli\mysqli_driver.php 393
ERROR - 2020-02-27 02:07:30 --> Severity: Warning --> mysqli::real_connect(): (HY000/2002): A connection attempt failed because the connected party did not properly respond after a period of time, or established connection failed because connected host has failed to respond.
 E:\xampp\htdocs\zgc-beta\system\database\drivers\mysqli\mysqli_driver.php 203
ERROR - 2020-02-27 02:07:30 --> Unable to connect to the database
ERROR - 2020-02-27 02:07:41 --> Severity: Warning --> mysqli::real_connect(): MySQL server has gone away E:\xampp\htdocs\zgc-beta\system\database\drivers\mysqli\mysqli_driver.php 203
ERROR - 2020-02-27 02:07:41 --> Severity: Warning --> mysqli::real_connect(): (HY000/2006): MySQL server has gone away E:\xampp\htdocs\zgc-beta\system\database\drivers\mysqli\mysqli_driver.php 203
ERROR - 2020-02-27 02:07:41 --> Severity: Warning --> session_start(): Failed to initialize storage module: user (path: E:\xampp\tmp) E:\xampp\htdocs\zgc-beta\system\libraries\Session\Session.php 143
ERROR - 2020-02-27 02:07:41 --> Severity: error --> Exception: Call to a member function real_escape_string() on boolean E:\xampp\htdocs\zgc-beta\system\database\drivers\mysqli\mysqli_driver.php 393
ERROR - 2020-02-27 02:07:58 --> Severity: Warning --> mysqli::real_connect(): MySQL server has gone away E:\xampp\htdocs\zgc-beta\system\database\drivers\mysqli\mysqli_driver.php 203
ERROR - 2020-02-27 02:07:58 --> Severity: Warning --> mysqli::real_connect(): (HY000/2006): MySQL server has gone away E:\xampp\htdocs\zgc-beta\system\database\drivers\mysqli\mysqli_driver.php 203
ERROR - 2020-02-27 02:07:58 --> Unable to connect to the database
ERROR - 2020-02-27 02:08:17 --> Severity: Warning --> mysqli::real_connect(): MySQL server has gone away E:\xampp\htdocs\zgc-beta\system\database\drivers\mysqli\mysqli_driver.php 203
ERROR - 2020-02-27 02:08:17 --> Severity: Warning --> mysqli::real_connect(): (HY000/2006): MySQL server has gone away E:\xampp\htdocs\zgc-beta\system\database\drivers\mysqli\mysqli_driver.php 203
ERROR - 2020-02-27 02:08:17 --> Severity: Warning --> session_start(): Failed to initialize storage module: user (path: E:\xampp\tmp) E:\xampp\htdocs\zgc-beta\system\libraries\Session\Session.php 143
ERROR - 2020-02-27 02:08:17 --> Severity: error --> Exception: Call to a member function real_escape_string() on boolean E:\xampp\htdocs\zgc-beta\system\database\drivers\mysqli\mysqli_driver.php 393
ERROR - 2020-02-27 02:08:28 --> Severity: Warning --> session_start(): Failed to read session data: user (path: E:\xampp\tmp) E:\xampp\htdocs\zgc-beta\system\libraries\Session\Session.php 143
ERROR - 2020-02-27 02:08:58 --> Severity: Warning --> mysqli::query(): MySQL server has gone away E:\xampp\htdocs\zgc-beta\system\database\drivers\mysqli\mysqli_driver.php 307
ERROR - 2020-02-27 02:08:58 --> Severity: Warning --> mysqli::query(): Error reading result set's header E:\xampp\htdocs\zgc-beta\system\database\drivers\mysqli\mysqli_driver.php 307
ERROR - 2020-02-27 02:08:58 --> Query error: MySQL server has gone away - Invalid query: SELECT *
FROM `navigation`
WHERE `status` = 1
AND `group_position` = 1
ORDER BY `id` asc
ERROR - 2020-02-27 02:08:58 --> Severity: error --> Exception: Call to a member function result() on boolean E:\xampp\htdocs\zgc-beta\application\models\Basic.php 24
ERROR - 2020-02-27 02:09:08 --> Severity: Warning --> mysqli::real_connect(): (HY000/2002): A connection attempt failed because the connected party did not properly respond after a period of time, or established connection failed because connected host has failed to respond.
 E:\xampp\htdocs\zgc-beta\system\database\drivers\mysqli\mysqli_driver.php 203
ERROR - 2020-02-27 02:09:08 --> Unable to connect to the database
ERROR - 2020-02-27 02:09:09 --> Severity: Warning --> session_start(): Failed to read session data: user (path: E:\xampp\tmp) E:\xampp\htdocs\zgc-beta\system\libraries\Session\Session.php 143
ERROR - 2020-02-27 02:09:10 --> Severity: Warning --> mysqli::real_connect(): MySQL server has gone away E:\xampp\htdocs\zgc-beta\system\database\drivers\mysqli\mysqli_driver.php 203
ERROR - 2020-02-27 02:09:10 --> Severity: Warning --> mysqli::real_connect(): (HY000/2006): MySQL server has gone away E:\xampp\htdocs\zgc-beta\system\database\drivers\mysqli\mysqli_driver.php 203
ERROR - 2020-02-27 02:09:10 --> Unable to connect to the database
ERROR - 2020-02-27 02:09:11 --> Severity: Warning --> mysqli::real_connect(): MySQL server has gone away E:\xampp\htdocs\zgc-beta\system\database\drivers\mysqli\mysqli_driver.php 203
ERROR - 2020-02-27 02:09:11 --> Severity: Warning --> mysqli::real_connect(): Error reading result set's header E:\xampp\htdocs\zgc-beta\system\database\drivers\mysqli\mysqli_driver.php 203
ERROR - 2020-02-27 02:09:11 --> Severity: Warning --> mysqli::real_connect(): (HY000/2006): MySQL server has gone away E:\xampp\htdocs\zgc-beta\system\database\drivers\mysqli\mysqli_driver.php 203
ERROR - 2020-02-27 02:09:11 --> Unable to connect to the database
ERROR - 2020-02-27 02:09:20 --> Severity: Warning --> mysqli::real_connect(): MySQL server has gone away E:\xampp\htdocs\zgc-beta\system\database\drivers\mysqli\mysqli_driver.php 203
ERROR - 2020-02-27 02:09:20 --> Severity: Warning --> mysqli::real_connect(): (HY000/2006): MySQL server has gone away E:\xampp\htdocs\zgc-beta\system\database\drivers\mysqli\mysqli_driver.php 203
ERROR - 2020-02-27 02:09:20 --> Severity: Warning --> session_start(): Failed to initialize storage module: user (path: E:\xampp\tmp) E:\xampp\htdocs\zgc-beta\system\libraries\Session\Session.php 143
ERROR - 2020-02-27 02:09:20 --> Severity: error --> Exception: Call to a member function real_escape_string() on boolean E:\xampp\htdocs\zgc-beta\system\database\drivers\mysqli\mysqli_driver.php 393
ERROR - 2020-02-27 02:09:24 --> Severity: Warning --> mysqli::real_connect(): MySQL server has gone away E:\xampp\htdocs\zgc-beta\system\database\drivers\mysqli\mysqli_driver.php 203
ERROR - 2020-02-27 02:09:24 --> Severity: Warning --> mysqli::real_connect(): (HY000/2006): MySQL server has gone away E:\xampp\htdocs\zgc-beta\system\database\drivers\mysqli\mysqli_driver.php 203
ERROR - 2020-02-27 02:09:24 --> Severity: Warning --> session_start(): Failed to initialize storage module: user (path: E:\xampp\tmp) E:\xampp\htdocs\zgc-beta\system\libraries\Session\Session.php 143
ERROR - 2020-02-27 02:09:24 --> Severity: error --> Exception: Call to a member function real_escape_string() on boolean E:\xampp\htdocs\zgc-beta\system\database\drivers\mysqli\mysqli_driver.php 393
ERROR - 2020-02-27 02:09:24 --> Severity: Warning --> session_start(): Failed to read session data: user (path: E:\xampp\tmp) E:\xampp\htdocs\zgc-beta\system\libraries\Session\Session.php 143
ERROR - 2020-02-27 02:09:32 --> Severity: Warning --> mysqli::real_connect(): MySQL server has gone away E:\xampp\htdocs\zgc-beta\system\database\drivers\mysqli\mysqli_driver.php 203
ERROR - 2020-02-27 02:09:32 --> Severity: Warning --> mysqli::real_connect(): (HY000/2006): MySQL server has gone away E:\xampp\htdocs\zgc-beta\system\database\drivers\mysqli\mysqli_driver.php 203
ERROR - 2020-02-27 02:09:32 --> Severity: Warning --> session_start(): Failed to initialize storage module: user (path: E:\xampp\tmp) E:\xampp\htdocs\zgc-beta\system\libraries\Session\Session.php 143
ERROR - 2020-02-27 02:09:32 --> Severity: error --> Exception: Call to a member function real_escape_string() on boolean E:\xampp\htdocs\zgc-beta\system\database\drivers\mysqli\mysqli_driver.php 393
ERROR - 2020-02-27 02:09:43 --> Severity: Warning --> session_start(): Failed to read session data: user (path: E:\xampp\tmp) E:\xampp\htdocs\zgc-beta\system\libraries\Session\Session.php 143
ERROR - 2020-02-27 02:09:46 --> Severity: Warning --> session_start(): Failed to read session data: user (path: E:\xampp\tmp) E:\xampp\htdocs\zgc-beta\system\libraries\Session\Session.php 143
ERROR - 2020-02-27 02:10:20 --> Severity: Warning --> mysqli::query(): MySQL server has gone away E:\xampp\htdocs\zgc-beta\system\database\drivers\mysqli\mysqli_driver.php 307
ERROR - 2020-02-27 02:10:20 --> Severity: Warning --> mysqli::query(): Error reading result set's header E:\xampp\htdocs\zgc-beta\system\database\drivers\mysqli\mysqli_driver.php 307
ERROR - 2020-02-27 02:10:20 --> Query error: MySQL server has gone away - Invalid query: SELECT *
FROM `users`
WHERE `username` = 'zerogravitycredit@gmail.com'
AND `password` = '7110eda4d09e062aa5e4a390b0a572ac0d2c0220'
ERROR - 2020-02-27 02:10:20 --> Severity: error --> Exception: Call to a member function row() on boolean E:\xampp\htdocs\zgc-beta\application\models\Basic.php 15
ERROR - 2020-02-27 15:38:21 --> 404 Page Not Found: assets
ERROR - 2020-02-27 15:38:22 --> 404 Page Not Found: assets
ERROR - 2020-02-27 15:38:22 --> 404 Page Not Found: js
ERROR - 2020-02-27 15:38:22 --> 404 Page Not Found: js
ERROR - 2020-02-27 15:38:22 --> 404 Page Not Found: assets
ERROR - 2020-02-27 15:38:22 --> 404 Page Not Found: assets
ERROR - 2020-02-27 15:39:34 --> 404 Page Not Found: js
ERROR - 2020-02-27 15:39:34 --> 404 Page Not Found: assets
ERROR - 2020-02-27 15:39:34 --> 404 Page Not Found: assets
ERROR - 2020-02-27 15:39:35 --> 404 Page Not Found: js
ERROR - 2020-02-27 15:39:35 --> 404 Page Not Found: assets
ERROR - 2020-02-27 15:39:35 --> 404 Page Not Found: assets
ERROR - 2020-02-27 15:40:01 --> 404 Page Not Found: assets
ERROR - 2020-02-27 15:40:02 --> 404 Page Not Found: js
ERROR - 2020-02-27 15:40:02 --> 404 Page Not Found: assets
ERROR - 2020-02-27 15:40:02 --> 404 Page Not Found: assets
ERROR - 2020-02-27 15:40:02 --> 404 Page Not Found: assets
ERROR - 2020-02-27 15:40:02 --> 404 Page Not Found: js
ERROR - 2020-02-27 15:40:02 --> 404 Page Not Found: assets
ERROR - 2020-02-27 15:40:02 --> 404 Page Not Found: assets
ERROR - 2020-02-27 15:42:28 --> 404 Page Not Found: assets
ERROR - 2020-02-27 15:42:28 --> 404 Page Not Found: js
ERROR - 2020-02-27 15:42:28 --> 404 Page Not Found: assets
ERROR - 2020-02-27 15:42:28 --> 404 Page Not Found: assets
ERROR - 2020-02-27 15:42:28 --> 404 Page Not Found: assets
ERROR - 2020-02-27 15:42:29 --> 404 Page Not Found: js
ERROR - 2020-02-27 15:42:29 --> 404 Page Not Found: assets
ERROR - 2020-02-27 15:42:29 --> 404 Page Not Found: assets
ERROR - 2020-02-27 16:01:12 --> 404 Page Not Found: assets
ERROR - 2020-02-27 16:01:12 --> 404 Page Not Found: assets
ERROR - 2020-02-27 16:01:14 --> 404 Page Not Found: js
ERROR - 2020-02-27 16:01:14 --> 404 Page Not Found: js
ERROR - 2020-02-27 16:01:14 --> 404 Page Not Found: assets
ERROR - 2020-02-27 16:01:14 --> 404 Page Not Found: assets
ERROR - 2020-02-27 16:07:54 --> 404 Page Not Found: js
ERROR - 2020-02-27 16:07:54 --> 404 Page Not Found: assets
ERROR - 2020-02-27 16:07:54 --> 404 Page Not Found: assets
ERROR - 2020-02-27 16:07:54 --> 404 Page Not Found: js
ERROR - 2020-02-27 16:07:54 --> 404 Page Not Found: assets
ERROR - 2020-02-27 16:07:54 --> 404 Page Not Found: assets
ERROR - 2020-02-27 16:17:10 --> 404 Page Not Found: js
ERROR - 2020-02-27 16:17:10 --> 404 Page Not Found: assets
ERROR - 2020-02-27 16:17:10 --> 404 Page Not Found: assets
ERROR - 2020-02-27 16:17:11 --> 404 Page Not Found: js
ERROR - 2020-02-27 16:17:11 --> 404 Page Not Found: assets
ERROR - 2020-02-27 16:17:11 --> 404 Page Not Found: assets
ERROR - 2020-02-27 16:18:48 --> 404 Page Not Found: js
ERROR - 2020-02-27 16:18:48 --> 404 Page Not Found: assets
ERROR - 2020-02-27 16:18:48 --> 404 Page Not Found: assets
ERROR - 2020-02-27 16:18:49 --> 404 Page Not Found: js
ERROR - 2020-02-27 16:18:49 --> 404 Page Not Found: assets
ERROR - 2020-02-27 16:18:49 --> 404 Page Not Found: assets
ERROR - 2020-02-27 16:20:05 --> 404 Page Not Found: js
ERROR - 2020-02-27 16:20:05 --> 404 Page Not Found: assets
ERROR - 2020-02-27 16:20:05 --> 404 Page Not Found: assets
ERROR - 2020-02-27 16:20:05 --> 404 Page Not Found: js
ERROR - 2020-02-27 16:20:05 --> 404 Page Not Found: assets
ERROR - 2020-02-27 16:20:05 --> 404 Page Not Found: assets
ERROR - 2020-02-27 16:22:07 --> 404 Page Not Found: js
ERROR - 2020-02-27 16:22:07 --> 404 Page Not Found: assets
ERROR - 2020-02-27 16:22:07 --> 404 Page Not Found: assets
ERROR - 2020-02-27 16:22:07 --> 404 Page Not Found: js
ERROR - 2020-02-27 16:22:07 --> 404 Page Not Found: assets
ERROR - 2020-02-27 16:22:07 --> 404 Page Not Found: assets
ERROR - 2020-02-27 16:23:08 --> 404 Page Not Found: js
ERROR - 2020-02-27 16:23:08 --> 404 Page Not Found: assets
ERROR - 2020-02-27 16:23:08 --> 404 Page Not Found: assets
ERROR - 2020-02-27 16:23:08 --> 404 Page Not Found: js
ERROR - 2020-02-27 16:23:08 --> 404 Page Not Found: assets
ERROR - 2020-02-27 16:23:08 --> 404 Page Not Found: assets
ERROR - 2020-02-27 16:25:00 --> 404 Page Not Found: js
ERROR - 2020-02-27 16:25:00 --> 404 Page Not Found: assets
ERROR - 2020-02-27 16:25:00 --> 404 Page Not Found: assets
ERROR - 2020-02-27 16:25:01 --> 404 Page Not Found: js
ERROR - 2020-02-27 16:25:01 --> 404 Page Not Found: assets
ERROR - 2020-02-27 16:25:01 --> 404 Page Not Found: assets
ERROR - 2020-02-27 16:25:27 --> 404 Page Not Found: js
ERROR - 2020-02-27 16:25:27 --> 404 Page Not Found: assets
ERROR - 2020-02-27 16:25:27 --> 404 Page Not Found: assets
ERROR - 2020-02-27 16:25:28 --> 404 Page Not Found: assets
ERROR - 2020-02-27 16:26:47 --> 404 Page Not Found: js
ERROR - 2020-02-27 16:26:47 --> 404 Page Not Found: assets
ERROR - 2020-02-27 16:26:47 --> 404 Page Not Found: assets
ERROR - 2020-02-27 16:26:47 --> 404 Page Not Found: js
ERROR - 2020-02-27 16:26:47 --> 404 Page Not Found: assets
ERROR - 2020-02-27 16:26:47 --> 404 Page Not Found: assets
ERROR - 2020-02-27 16:28:31 --> 404 Page Not Found: js
ERROR - 2020-02-27 16:28:31 --> 404 Page Not Found: assets
ERROR - 2020-02-27 16:28:31 --> 404 Page Not Found: assets
ERROR - 2020-02-27 16:28:31 --> 404 Page Not Found: js
ERROR - 2020-02-27 16:28:31 --> 404 Page Not Found: assets
ERROR - 2020-02-27 16:28:31 --> 404 Page Not Found: assets
ERROR - 2020-02-27 16:30:44 --> 404 Page Not Found: js
ERROR - 2020-02-27 16:30:45 --> 404 Page Not Found: assets
ERROR - 2020-02-27 16:30:45 --> 404 Page Not Found: assets
ERROR - 2020-02-27 16:30:45 --> 404 Page Not Found: js
ERROR - 2020-02-27 16:30:45 --> 404 Page Not Found: assets
ERROR - 2020-02-27 16:30:45 --> 404 Page Not Found: assets
ERROR - 2020-02-27 16:31:33 --> 404 Page Not Found: js
ERROR - 2020-02-27 16:31:33 --> 404 Page Not Found: assets
ERROR - 2020-02-27 16:31:33 --> 404 Page Not Found: assets
ERROR - 2020-02-27 16:31:34 --> 404 Page Not Found: js
ERROR - 2020-02-27 16:31:34 --> 404 Page Not Found: assets
ERROR - 2020-02-27 16:31:34 --> 404 Page Not Found: assets
ERROR - 2020-02-27 16:32:46 --> 404 Page Not Found: js
ERROR - 2020-02-27 16:32:46 --> 404 Page Not Found: assets
ERROR - 2020-02-27 16:32:47 --> 404 Page Not Found: assets
ERROR - 2020-02-27 16:32:47 --> 404 Page Not Found: js
ERROR - 2020-02-27 16:32:47 --> 404 Page Not Found: assets
ERROR - 2020-02-27 16:32:47 --> 404 Page Not Found: assets
ERROR - 2020-02-27 16:34:18 --> 404 Page Not Found: js
ERROR - 2020-02-27 16:34:18 --> 404 Page Not Found: assets
ERROR - 2020-02-27 16:34:18 --> 404 Page Not Found: assets
ERROR - 2020-02-27 16:34:18 --> 404 Page Not Found: js
ERROR - 2020-02-27 16:34:18 --> 404 Page Not Found: assets
ERROR - 2020-02-27 16:34:18 --> 404 Page Not Found: assets
ERROR - 2020-02-27 16:38:21 --> 404 Page Not Found: js
ERROR - 2020-02-27 16:38:22 --> 404 Page Not Found: assets
ERROR - 2020-02-27 16:38:22 --> 404 Page Not Found: assets
ERROR - 2020-02-27 16:38:22 --> 404 Page Not Found: js
ERROR - 2020-02-27 16:38:22 --> 404 Page Not Found: assets
ERROR - 2020-02-27 16:38:22 --> 404 Page Not Found: assets
ERROR - 2020-02-27 16:39:14 --> 404 Page Not Found: js
ERROR - 2020-02-27 16:39:14 --> 404 Page Not Found: assets
ERROR - 2020-02-27 16:39:14 --> 404 Page Not Found: assets
ERROR - 2020-02-27 16:39:14 --> 404 Page Not Found: js
ERROR - 2020-02-27 16:39:14 --> 404 Page Not Found: assets
ERROR - 2020-02-27 16:39:14 --> 404 Page Not Found: assets
ERROR - 2020-02-27 16:41:46 --> 404 Page Not Found: js
ERROR - 2020-02-27 16:41:46 --> 404 Page Not Found: assets
ERROR - 2020-02-27 16:41:46 --> 404 Page Not Found: assets
ERROR - 2020-02-27 16:41:46 --> 404 Page Not Found: js
ERROR - 2020-02-27 16:41:46 --> 404 Page Not Found: assets
ERROR - 2020-02-27 16:41:46 --> 404 Page Not Found: assets
ERROR - 2020-02-27 16:48:13 --> 404 Page Not Found: js
ERROR - 2020-02-27 16:48:13 --> 404 Page Not Found: assets
ERROR - 2020-02-27 16:48:13 --> 404 Page Not Found: assets
ERROR - 2020-02-27 16:48:13 --> 404 Page Not Found: js
ERROR - 2020-02-27 16:48:14 --> 404 Page Not Found: assets
ERROR - 2020-02-27 16:48:14 --> 404 Page Not Found: assets
ERROR - 2020-02-27 16:50:05 --> 404 Page Not Found: js
ERROR - 2020-02-27 16:50:05 --> 404 Page Not Found: assets
ERROR - 2020-02-27 16:50:05 --> 404 Page Not Found: assets
ERROR - 2020-02-27 16:50:05 --> 404 Page Not Found: js
ERROR - 2020-02-27 16:50:05 --> 404 Page Not Found: assets
ERROR - 2020-02-27 16:50:05 --> 404 Page Not Found: assets
ERROR - 2020-02-27 16:51:45 --> 404 Page Not Found: js
ERROR - 2020-02-27 16:51:45 --> 404 Page Not Found: assets
ERROR - 2020-02-27 16:51:45 --> 404 Page Not Found: assets
ERROR - 2020-02-27 16:51:45 --> 404 Page Not Found: js
ERROR - 2020-02-27 16:51:45 --> 404 Page Not Found: assets
ERROR - 2020-02-27 16:51:45 --> 404 Page Not Found: assets
ERROR - 2020-02-27 16:51:57 --> 404 Page Not Found: assets
ERROR - 2020-02-27 16:51:57 --> 404 Page Not Found: assets
ERROR - 2020-02-27 16:51:57 --> 404 Page Not Found: assets
ERROR - 2020-02-27 16:51:57 --> 404 Page Not Found: assets
ERROR - 2020-02-27 16:51:57 --> 404 Page Not Found: assets
ERROR - 2020-02-27 16:51:57 --> 404 Page Not Found: assets
ERROR - 2020-02-27 16:52:33 --> 404 Page Not Found: assets
ERROR - 2020-02-27 16:52:33 --> 404 Page Not Found: assets
ERROR - 2020-02-27 16:52:33 --> 404 Page Not Found: js
ERROR - 2020-02-27 16:52:33 --> 404 Page Not Found: assets
ERROR - 2020-02-27 16:52:33 --> 404 Page Not Found: assets
ERROR - 2020-02-27 16:52:33 --> 404 Page Not Found: assets
ERROR - 2020-02-27 16:52:33 --> 404 Page Not Found: assets
ERROR - 2020-02-27 16:52:34 --> 404 Page Not Found: assets
ERROR - 2020-02-27 16:52:34 --> 404 Page Not Found: assets
ERROR - 2020-02-27 16:52:49 --> 404 Page Not Found: assets
ERROR - 2020-02-27 16:52:49 --> 404 Page Not Found: assets
ERROR - 2020-02-27 16:52:49 --> 404 Page Not Found: assets
ERROR - 2020-02-27 16:52:49 --> 404 Page Not Found: assets
ERROR - 2020-02-27 16:52:49 --> 404 Page Not Found: assets
ERROR - 2020-02-27 16:52:49 --> 404 Page Not Found: assets
ERROR - 2020-02-27 16:54:46 --> 404 Page Not Found: assets
ERROR - 2020-02-27 16:54:46 --> 404 Page Not Found: assets
ERROR - 2020-02-27 16:54:46 --> 404 Page Not Found: js
ERROR - 2020-02-27 16:54:46 --> 404 Page Not Found: assets
ERROR - 2020-02-27 16:54:46 --> 404 Page Not Found: assets
ERROR - 2020-02-27 16:54:46 --> 404 Page Not Found: assets
ERROR - 2020-02-27 16:54:46 --> 404 Page Not Found: assets
ERROR - 2020-02-27 16:54:46 --> 404 Page Not Found: assets
ERROR - 2020-02-27 16:54:46 --> 404 Page Not Found: assets
ERROR - 2020-02-27 16:54:57 --> 404 Page Not Found: assets
ERROR - 2020-02-27 16:54:57 --> 404 Page Not Found: assets
ERROR - 2020-02-27 16:54:57 --> 404 Page Not Found: assets
ERROR - 2020-02-27 16:54:57 --> 404 Page Not Found: assets
ERROR - 2020-02-27 16:54:57 --> 404 Page Not Found: assets
ERROR - 2020-02-27 16:54:57 --> 404 Page Not Found: assets
ERROR - 2020-02-27 16:58:58 --> 404 Page Not Found: js
ERROR - 2020-02-27 16:58:58 --> 404 Page Not Found: assets
ERROR - 2020-02-27 16:58:59 --> 404 Page Not Found: assets
ERROR - 2020-02-27 16:58:59 --> 404 Page Not Found: assets
ERROR - 2020-02-27 17:05:04 --> 404 Page Not Found: js
ERROR - 2020-02-27 17:05:04 --> 404 Page Not Found: assets
ERROR - 2020-02-27 17:05:04 --> 404 Page Not Found: assets
ERROR - 2020-02-27 17:05:05 --> 404 Page Not Found: js
ERROR - 2020-02-27 17:05:05 --> 404 Page Not Found: assets
ERROR - 2020-02-27 17:05:05 --> 404 Page Not Found: assets
ERROR - 2020-02-27 17:06:27 --> 404 Page Not Found: js
ERROR - 2020-02-27 17:06:27 --> 404 Page Not Found: assets
ERROR - 2020-02-27 17:06:27 --> 404 Page Not Found: assets
ERROR - 2020-02-27 17:06:27 --> 404 Page Not Found: assets
ERROR - 2020-02-27 17:08:32 --> 404 Page Not Found: assets
ERROR - 2020-02-27 17:08:32 --> 404 Page Not Found: js
ERROR - 2020-02-27 17:08:32 --> 404 Page Not Found: assets
ERROR - 2020-02-27 17:08:33 --> 404 Page Not Found: js
ERROR - 2020-02-27 17:08:33 --> 404 Page Not Found: assets
ERROR - 2020-02-27 17:08:33 --> 404 Page Not Found: assets
ERROR - 2020-02-27 17:11:26 --> 404 Page Not Found: js
ERROR - 2020-02-27 17:11:26 --> 404 Page Not Found: assets
ERROR - 2020-02-27 17:11:26 --> 404 Page Not Found: assets
ERROR - 2020-02-27 17:21:11 --> 404 Page Not Found: assets
ERROR - 2020-02-27 17:21:11 --> 404 Page Not Found: assets
ERROR - 2020-02-27 17:21:11 --> 404 Page Not Found: assets
ERROR - 2020-02-27 17:21:11 --> 404 Page Not Found: assets
ERROR - 2020-02-27 17:21:11 --> 404 Page Not Found: assets
ERROR - 2020-02-27 17:21:11 --> 404 Page Not Found: assets
ERROR - 2020-02-27 17:42:12 --> 404 Page Not Found: js
ERROR - 2020-02-27 17:42:12 --> 404 Page Not Found: assets
ERROR - 2020-02-27 17:42:12 --> 404 Page Not Found: assets
ERROR - 2020-02-27 17:42:13 --> 404 Page Not Found: js
ERROR - 2020-02-27 17:42:13 --> 404 Page Not Found: assets
ERROR - 2020-02-27 17:42:13 --> 404 Page Not Found: assets
ERROR - 2020-02-27 18:45:23 --> 404 Page Not Found: js
ERROR - 2020-02-27 18:45:23 --> 404 Page Not Found: assets
ERROR - 2020-02-27 18:45:23 --> 404 Page Not Found: assets
ERROR - 2020-02-27 18:45:23 --> 404 Page Not Found: js
ERROR - 2020-02-27 18:45:23 --> 404 Page Not Found: assets
ERROR - 2020-02-27 18:45:23 --> 404 Page Not Found: assets
ERROR - 2020-02-27 19:31:58 --> Severity: Warning --> Use of undefined constant checked - assumed 'checked' (this will throw an Error in a future version of PHP) E:\xampp\htdocs\zgc-beta\application\views\theme\myaccount\front\payment_confirm.php 35
ERROR - 2020-02-27 19:32:06 --> Severity: Warning --> Use of undefined constant checked - assumed 'checked' (this will throw an Error in a future version of PHP) E:\xampp\htdocs\zgc-beta\application\views\theme\myaccount\front\payment_confirm.php 35
ERROR - 2020-02-27 19:32:19 --> Severity: error --> Exception: Call to undefined function siteemail() E:\xampp\htdocs\zgc-beta\application\views\theme\myaccount\invoicetemplate.php 87
ERROR - 2020-02-27 19:35:41 --> 404 Page Not Found: assets
ERROR - 2020-02-27 19:36:12 --> 404 Page Not Found: assets
ERROR - 2020-02-27 19:38:38 --> 404 Page Not Found: assets
ERROR - 2020-02-27 19:40:24 --> 404 Page Not Found: assets
ERROR - 2020-02-27 19:51:05 --> 404 Page Not Found: assets
ERROR - 2020-02-27 19:53:13 --> 404 Page Not Found: assets
ERROR - 2020-02-27 19:55:12 --> 404 Page Not Found: assets
ERROR - 2020-02-27 19:57:16 --> 404 Page Not Found: assets
ERROR - 2020-02-27 19:59:26 --> Severity: Warning --> session_start(): Failed to read session data: user (path: E:\xampp\tmp) E:\xampp\htdocs\zgc-beta\system\libraries\Session\Session.php 143
ERROR - 2020-02-27 19:59:26 --> Severity: Warning --> session_start(): Failed to read session data: user (path: E:\xampp\tmp) E:\xampp\htdocs\zgc-beta\system\libraries\Session\Session.php 143
ERROR - 2020-02-27 19:59:26 --> Severity: Warning --> session_start(): Failed to read session data: user (path: E:\xampp\tmp) E:\xampp\htdocs\zgc-beta\system\libraries\Session\Session.php 143
ERROR - 2020-02-27 19:59:26 --> Severity: Warning --> session_start(): Failed to read session data: user (path: E:\xampp\tmp) E:\xampp\htdocs\zgc-beta\system\libraries\Session\Session.php 143
ERROR - 2020-02-27 19:59:26 --> Severity: Warning --> session_start(): Failed to read session data: user (path: E:\xampp\tmp) E:\xampp\htdocs\zgc-beta\system\libraries\Session\Session.php 143
ERROR - 2020-02-27 19:59:26 --> Severity: Warning --> session_start(): Failed to read session data: user (path: E:\xampp\tmp) E:\xampp\htdocs\zgc-beta\system\libraries\Session\Session.php 143
ERROR - 2020-02-27 19:59:26 --> Severity: Warning --> session_start(): Failed to read session data: user (path: E:\xampp\tmp) E:\xampp\htdocs\zgc-beta\system\libraries\Session\Session.php 143
ERROR - 2020-02-27 19:59:26 --> Severity: Warning --> session_start(): Failed to read session data: user (path: E:\xampp\tmp) E:\xampp\htdocs\zgc-beta\system\libraries\Session\Session.php 143
ERROR - 2020-02-27 19:59:26 --> Severity: Warning --> session_start(): Failed to read session data: user (path: E:\xampp\tmp) E:\xampp\htdocs\zgc-beta\system\libraries\Session\Session.php 143
ERROR - 2020-02-27 19:59:26 --> Severity: Warning --> session_start(): Failed to read session data: user (path: E:\xampp\tmp) E:\xampp\htdocs\zgc-beta\system\libraries\Session\Session.php 143
ERROR - 2020-02-27 19:59:26 --> Severity: Warning --> session_start(): Failed to read session data: user (path: E:\xampp\tmp) E:\xampp\htdocs\zgc-beta\system\libraries\Session\Session.php 143
ERROR - 2020-02-27 19:59:26 --> Severity: Warning --> session_start(): Failed to read session data: user (path: E:\xampp\tmp) E:\xampp\htdocs\zgc-beta\system\libraries\Session\Session.php 143
ERROR - 2020-02-27 19:59:27 --> Severity: Warning --> session_start(): Failed to read session data: user (path: E:\xampp\tmp) E:\xampp\htdocs\zgc-beta\system\libraries\Session\Session.php 143
ERROR - 2020-02-27 19:59:52 --> 404 Page Not Found: assets
ERROR - 2020-02-27 20:01:23 --> 404 Page Not Found: assets
ERROR - 2020-02-27 20:03:35 --> 404 Page Not Found: assets
ERROR - 2020-02-27 20:05:10 --> 404 Page Not Found: assets
ERROR - 2020-02-27 20:06:14 --> 404 Page Not Found: assets
ERROR - 2020-02-27 20:06:31 --> 404 Page Not Found: assets
ERROR - 2020-02-27 20:08:37 --> 404 Page Not Found: assets
ERROR - 2020-02-27 20:20:24 --> 404 Page Not Found: assets
ERROR - 2020-02-27 20:25:33 --> Severity: Warning --> Invalid argument supplied for foreach() E:\xampp\htdocs\zgc-beta\application\views\theme\myaccount\front\support.php 855
ERROR - 2020-02-27 20:25:33 --> Severity: Warning --> Invalid argument supplied for foreach() E:\xampp\htdocs\zgc-beta\application\views\theme\myaccount\front\support.php 855
ERROR - 2020-02-27 20:25:33 --> Severity: Warning --> Invalid argument supplied for foreach() E:\xampp\htdocs\zgc-beta\application\views\theme\myaccount\front\support.php 855
ERROR - 2020-02-27 20:25:33 --> Severity: Warning --> Invalid argument supplied for foreach() E:\xampp\htdocs\zgc-beta\application\views\theme\myaccount\front\support.php 855
ERROR - 2020-02-27 20:25:33 --> Severity: Warning --> Invalid argument supplied for foreach() E:\xampp\htdocs\zgc-beta\application\views\theme\myaccount\front\support.php 855
ERROR - 2020-02-27 20:25:33 --> Severity: Warning --> Invalid argument supplied for foreach() E:\xampp\htdocs\zgc-beta\application\views\theme\myaccount\front\support.php 855
ERROR - 2020-02-27 20:25:33 --> Severity: Warning --> Invalid argument supplied for foreach() E:\xampp\htdocs\zgc-beta\application\views\theme\myaccount\front\support.php 855
ERROR - 2020-02-27 20:25:34 --> 404 Page Not Found: assets
ERROR - 2020-02-27 20:26:09 --> Severity: Warning --> Invalid argument supplied for foreach() E:\xampp\htdocs\zgc-beta\application\views\theme\myaccount\front\support.php 855
ERROR - 2020-02-27 20:26:09 --> Severity: Warning --> Invalid argument supplied for foreach() E:\xampp\htdocs\zgc-beta\application\views\theme\myaccount\front\support.php 855
ERROR - 2020-02-27 20:26:09 --> Severity: Warning --> Invalid argument supplied for foreach() E:\xampp\htdocs\zgc-beta\application\views\theme\myaccount\front\support.php 855
ERROR - 2020-02-27 20:26:09 --> Severity: Warning --> Invalid argument supplied for foreach() E:\xampp\htdocs\zgc-beta\application\views\theme\myaccount\front\support.php 855
ERROR - 2020-02-27 20:26:09 --> Severity: Warning --> Invalid argument supplied for foreach() E:\xampp\htdocs\zgc-beta\application\views\theme\myaccount\front\support.php 855
ERROR - 2020-02-27 20:26:09 --> Severity: Warning --> Invalid argument supplied for foreach() E:\xampp\htdocs\zgc-beta\application\views\theme\myaccount\front\support.php 855
ERROR - 2020-02-27 20:26:09 --> Severity: Warning --> Invalid argument supplied for foreach() E:\xampp\htdocs\zgc-beta\application\views\theme\myaccount\front\support.php 855
ERROR - 2020-02-27 20:26:18 --> Severity: Warning --> Invalid argument supplied for foreach() E:\xampp\htdocs\zgc-beta\application\views\theme\myaccount\front\support.php 855
ERROR - 2020-02-27 20:26:18 --> Severity: Warning --> Invalid argument supplied for foreach() E:\xampp\htdocs\zgc-beta\application\views\theme\myaccount\front\support.php 855
ERROR - 2020-02-27 20:26:18 --> Severity: Warning --> Invalid argument supplied for foreach() E:\xampp\htdocs\zgc-beta\application\views\theme\myaccount\front\support.php 855
ERROR - 2020-02-27 20:26:18 --> Severity: Warning --> Invalid argument supplied for foreach() E:\xampp\htdocs\zgc-beta\application\views\theme\myaccount\front\support.php 855
ERROR - 2020-02-27 20:26:18 --> Severity: Warning --> Invalid argument supplied for foreach() E:\xampp\htdocs\zgc-beta\application\views\theme\myaccount\front\support.php 855
ERROR - 2020-02-27 20:26:18 --> Severity: Warning --> Invalid argument supplied for foreach() E:\xampp\htdocs\zgc-beta\application\views\theme\myaccount\front\support.php 855
ERROR - 2020-02-27 20:26:18 --> Severity: Warning --> Invalid argument supplied for foreach() E:\xampp\htdocs\zgc-beta\application\views\theme\myaccount\front\support.php 855
ERROR - 2020-02-27 20:26:27 --> Severity: Warning --> Invalid argument supplied for foreach() E:\xampp\htdocs\zgc-beta\application\views\theme\myaccount\front\support.php 855
ERROR - 2020-02-27 20:26:27 --> Severity: Warning --> Invalid argument supplied for foreach() E:\xampp\htdocs\zgc-beta\application\views\theme\myaccount\front\support.php 855
ERROR - 2020-02-27 20:26:27 --> Severity: Warning --> Invalid argument supplied for foreach() E:\xampp\htdocs\zgc-beta\application\views\theme\myaccount\front\support.php 855
ERROR - 2020-02-27 20:26:27 --> Severity: Warning --> Invalid argument supplied for foreach() E:\xampp\htdocs\zgc-beta\application\views\theme\myaccount\front\support.php 855
ERROR - 2020-02-27 20:26:27 --> Severity: Warning --> Invalid argument supplied for foreach() E:\xampp\htdocs\zgc-beta\application\views\theme\myaccount\front\support.php 855
ERROR - 2020-02-27 20:26:27 --> Severity: Warning --> Invalid argument supplied for foreach() E:\xampp\htdocs\zgc-beta\application\views\theme\myaccount\front\support.php 855
ERROR - 2020-02-27 20:26:27 --> Severity: Warning --> Invalid argument supplied for foreach() E:\xampp\htdocs\zgc-beta\application\views\theme\myaccount\front\support.php 855
ERROR - 2020-02-27 20:27:07 --> Severity: Warning --> Invalid argument supplied for foreach() E:\xampp\htdocs\zgc-beta\application\views\theme\myaccount\front\support.php 855
ERROR - 2020-02-27 20:27:07 --> Severity: Warning --> Invalid argument supplied for foreach() E:\xampp\htdocs\zgc-beta\application\views\theme\myaccount\front\support.php 855
ERROR - 2020-02-27 20:27:07 --> Severity: Warning --> Invalid argument supplied for foreach() E:\xampp\htdocs\zgc-beta\application\views\theme\myaccount\front\support.php 855
ERROR - 2020-02-27 20:27:07 --> Severity: Warning --> Invalid argument supplied for foreach() E:\xampp\htdocs\zgc-beta\application\views\theme\myaccount\front\support.php 855
ERROR - 2020-02-27 20:27:07 --> Severity: Warning --> Invalid argument supplied for foreach() E:\xampp\htdocs\zgc-beta\application\views\theme\myaccount\front\support.php 855
ERROR - 2020-02-27 20:27:07 --> Severity: Warning --> Invalid argument supplied for foreach() E:\xampp\htdocs\zgc-beta\application\views\theme\myaccount\front\support.php 855
ERROR - 2020-02-27 20:27:07 --> Severity: Warning --> Invalid argument supplied for foreach() E:\xampp\htdocs\zgc-beta\application\views\theme\myaccount\front\support.php 855
ERROR - 2020-02-27 21:07:50 --> Severity: Warning --> Invalid argument supplied for foreach() E:\xampp\htdocs\zgc-beta\application\views\theme\myaccount\front\support.php 855
ERROR - 2020-02-27 21:07:50 --> Severity: Warning --> Invalid argument supplied for foreach() E:\xampp\htdocs\zgc-beta\application\views\theme\myaccount\front\support.php 855
ERROR - 2020-02-27 21:07:50 --> Severity: Warning --> Invalid argument supplied for foreach() E:\xampp\htdocs\zgc-beta\application\views\theme\myaccount\front\support.php 855
ERROR - 2020-02-27 21:07:50 --> Severity: Warning --> Invalid argument supplied for foreach() E:\xampp\htdocs\zgc-beta\application\views\theme\myaccount\front\support.php 855
ERROR - 2020-02-27 21:07:50 --> Severity: Warning --> Invalid argument supplied for foreach() E:\xampp\htdocs\zgc-beta\application\views\theme\myaccount\front\support.php 855
ERROR - 2020-02-27 21:07:50 --> Severity: Warning --> Invalid argument supplied for foreach() E:\xampp\htdocs\zgc-beta\application\views\theme\myaccount\front\support.php 855
ERROR - 2020-02-27 21:07:50 --> Severity: Warning --> Invalid argument supplied for foreach() E:\xampp\htdocs\zgc-beta\application\views\theme\myaccount\front\support.php 855
ERROR - 2020-02-27 21:08:14 --> Severity: Warning --> Invalid argument supplied for foreach() E:\xampp\htdocs\zgc-beta\application\views\theme\myaccount\front\support.php 855
ERROR - 2020-02-27 21:08:14 --> Severity: Warning --> Invalid argument supplied for foreach() E:\xampp\htdocs\zgc-beta\application\views\theme\myaccount\front\support.php 855
ERROR - 2020-02-27 21:08:14 --> Severity: Warning --> Invalid argument supplied for foreach() E:\xampp\htdocs\zgc-beta\application\views\theme\myaccount\front\support.php 855
ERROR - 2020-02-27 21:08:14 --> Severity: Warning --> Invalid argument supplied for foreach() E:\xampp\htdocs\zgc-beta\application\views\theme\myaccount\front\support.php 855
ERROR - 2020-02-27 21:08:14 --> Severity: Warning --> Invalid argument supplied for foreach() E:\xampp\htdocs\zgc-beta\application\views\theme\myaccount\front\support.php 855
ERROR - 2020-02-27 21:08:14 --> Severity: Warning --> Invalid argument supplied for foreach() E:\xampp\htdocs\zgc-beta\application\views\theme\myaccount\front\support.php 855
ERROR - 2020-02-27 21:08:14 --> Severity: Warning --> Invalid argument supplied for foreach() E:\xampp\htdocs\zgc-beta\application\views\theme\myaccount\front\support.php 855
ERROR - 2020-02-27 21:09:05 --> Severity: Warning --> Invalid argument supplied for foreach() E:\xampp\htdocs\zgc-beta\application\views\theme\myaccount\front\support.php 855
ERROR - 2020-02-27 21:09:05 --> Severity: Warning --> Invalid argument supplied for foreach() E:\xampp\htdocs\zgc-beta\application\views\theme\myaccount\front\support.php 855
ERROR - 2020-02-27 21:09:05 --> Severity: Warning --> Invalid argument supplied for foreach() E:\xampp\htdocs\zgc-beta\application\views\theme\myaccount\front\support.php 855
ERROR - 2020-02-27 21:09:05 --> Severity: Warning --> Invalid argument supplied for foreach() E:\xampp\htdocs\zgc-beta\application\views\theme\myaccount\front\support.php 855
ERROR - 2020-02-27 21:09:05 --> Severity: Warning --> Invalid argument supplied for foreach() E:\xampp\htdocs\zgc-beta\application\views\theme\myaccount\front\support.php 855
ERROR - 2020-02-27 21:09:05 --> Severity: Warning --> Invalid argument supplied for foreach() E:\xampp\htdocs\zgc-beta\application\views\theme\myaccount\front\support.php 855
ERROR - 2020-02-27 21:09:05 --> Severity: Warning --> Invalid argument supplied for foreach() E:\xampp\htdocs\zgc-beta\application\views\theme\myaccount\front\support.php 855
ERROR - 2020-02-27 21:11:55 --> Severity: Warning --> Invalid argument supplied for foreach() E:\xampp\htdocs\zgc-beta\application\views\theme\myaccount\front\support.php 855
ERROR - 2020-02-27 21:11:55 --> Severity: Warning --> Invalid argument supplied for foreach() E:\xampp\htdocs\zgc-beta\application\views\theme\myaccount\front\support.php 855
ERROR - 2020-02-27 21:11:55 --> Severity: Warning --> Invalid argument supplied for foreach() E:\xampp\htdocs\zgc-beta\application\views\theme\myaccount\front\support.php 855
ERROR - 2020-02-27 21:11:55 --> Severity: Warning --> Invalid argument supplied for foreach() E:\xampp\htdocs\zgc-beta\application\views\theme\myaccount\front\support.php 855
ERROR - 2020-02-27 21:11:55 --> Severity: Warning --> Invalid argument supplied for foreach() E:\xampp\htdocs\zgc-beta\application\views\theme\myaccount\front\support.php 855
ERROR - 2020-02-27 21:11:55 --> Severity: Warning --> Invalid argument supplied for foreach() E:\xampp\htdocs\zgc-beta\application\views\theme\myaccount\front\support.php 855
ERROR - 2020-02-27 21:11:55 --> Severity: Warning --> Invalid argument supplied for foreach() E:\xampp\htdocs\zgc-beta\application\views\theme\myaccount\front\support.php 855
ERROR - 2020-02-27 21:12:14 --> Severity: Warning --> Invalid argument supplied for foreach() E:\xampp\htdocs\zgc-beta\application\views\theme\myaccount\front\support.php 855
ERROR - 2020-02-27 21:12:14 --> Severity: Warning --> Invalid argument supplied for foreach() E:\xampp\htdocs\zgc-beta\application\views\theme\myaccount\front\support.php 855
ERROR - 2020-02-27 21:12:14 --> Severity: Warning --> Invalid argument supplied for foreach() E:\xampp\htdocs\zgc-beta\application\views\theme\myaccount\front\support.php 855
ERROR - 2020-02-27 21:12:14 --> Severity: Warning --> Invalid argument supplied for foreach() E:\xampp\htdocs\zgc-beta\application\views\theme\myaccount\front\support.php 855
ERROR - 2020-02-27 21:12:14 --> Severity: Warning --> Invalid argument supplied for foreach() E:\xampp\htdocs\zgc-beta\application\views\theme\myaccount\front\support.php 855
ERROR - 2020-02-27 21:12:14 --> Severity: Warning --> Invalid argument supplied for foreach() E:\xampp\htdocs\zgc-beta\application\views\theme\myaccount\front\support.php 855
ERROR - 2020-02-27 21:12:14 --> Severity: Warning --> Invalid argument supplied for foreach() E:\xampp\htdocs\zgc-beta\application\views\theme\myaccount\front\support.php 855
ERROR - 2020-02-27 21:12:46 --> Severity: Warning --> Invalid argument supplied for foreach() E:\xampp\htdocs\zgc-beta\application\views\theme\myaccount\front\support.php 855
ERROR - 2020-02-27 21:12:46 --> Severity: Warning --> Invalid argument supplied for foreach() E:\xampp\htdocs\zgc-beta\application\views\theme\myaccount\front\support.php 855
ERROR - 2020-02-27 21:12:46 --> Severity: Warning --> Invalid argument supplied for foreach() E:\xampp\htdocs\zgc-beta\application\views\theme\myaccount\front\support.php 855
ERROR - 2020-02-27 21:12:46 --> Severity: Warning --> Invalid argument supplied for foreach() E:\xampp\htdocs\zgc-beta\application\views\theme\myaccount\front\support.php 855
ERROR - 2020-02-27 21:12:46 --> Severity: Warning --> Invalid argument supplied for foreach() E:\xampp\htdocs\zgc-beta\application\views\theme\myaccount\front\support.php 855
ERROR - 2020-02-27 21:12:46 --> Severity: Warning --> Invalid argument supplied for foreach() E:\xampp\htdocs\zgc-beta\application\views\theme\myaccount\front\support.php 855
ERROR - 2020-02-27 21:12:46 --> Severity: Warning --> Invalid argument supplied for foreach() E:\xampp\htdocs\zgc-beta\application\views\theme\myaccount\front\support.php 855
ERROR - 2020-02-27 21:12:54 --> Severity: Warning --> Invalid argument supplied for foreach() E:\xampp\htdocs\zgc-beta\application\views\theme\myaccount\front\support.php 855
ERROR - 2020-02-27 21:12:54 --> Severity: Warning --> Invalid argument supplied for foreach() E:\xampp\htdocs\zgc-beta\application\views\theme\myaccount\front\support.php 855
ERROR - 2020-02-27 21:12:54 --> Severity: Warning --> Invalid argument supplied for foreach() E:\xampp\htdocs\zgc-beta\application\views\theme\myaccount\front\support.php 855
ERROR - 2020-02-27 21:12:54 --> Severity: Warning --> Invalid argument supplied for foreach() E:\xampp\htdocs\zgc-beta\application\views\theme\myaccount\front\support.php 855
ERROR - 2020-02-27 21:12:54 --> Severity: Warning --> Invalid argument supplied for foreach() E:\xampp\htdocs\zgc-beta\application\views\theme\myaccount\front\support.php 855
ERROR - 2020-02-27 21:12:54 --> Severity: Warning --> Invalid argument supplied for foreach() E:\xampp\htdocs\zgc-beta\application\views\theme\myaccount\front\support.php 855
ERROR - 2020-02-27 21:12:54 --> Severity: Warning --> Invalid argument supplied for foreach() E:\xampp\htdocs\zgc-beta\application\views\theme\myaccount\front\support.php 855
ERROR - 2020-02-27 21:19:48 --> Severity: Warning --> Invalid argument supplied for foreach() E:\xampp\htdocs\zgc-beta\application\views\theme\myaccount\front\support.php 855
ERROR - 2020-02-27 21:19:48 --> Severity: Warning --> Invalid argument supplied for foreach() E:\xampp\htdocs\zgc-beta\application\views\theme\myaccount\front\support.php 855
ERROR - 2020-02-27 21:19:48 --> Severity: Warning --> Invalid argument supplied for foreach() E:\xampp\htdocs\zgc-beta\application\views\theme\myaccount\front\support.php 855
ERROR - 2020-02-27 21:19:48 --> Severity: Warning --> Invalid argument supplied for foreach() E:\xampp\htdocs\zgc-beta\application\views\theme\myaccount\front\support.php 855
ERROR - 2020-02-27 21:19:48 --> Severity: Warning --> Invalid argument supplied for foreach() E:\xampp\htdocs\zgc-beta\application\views\theme\myaccount\front\support.php 855
ERROR - 2020-02-27 21:19:48 --> Severity: Warning --> Invalid argument supplied for foreach() E:\xampp\htdocs\zgc-beta\application\views\theme\myaccount\front\support.php 855
ERROR - 2020-02-27 21:19:48 --> Severity: Warning --> Invalid argument supplied for foreach() E:\xampp\htdocs\zgc-beta\application\views\theme\myaccount\front\support.php 855
ERROR - 2020-02-27 21:25:22 --> Severity: Warning --> Invalid argument supplied for foreach() E:\xampp\htdocs\zgc-beta\application\views\theme\myaccount\front\support.php 855
ERROR - 2020-02-27 21:25:22 --> Severity: Warning --> Invalid argument supplied for foreach() E:\xampp\htdocs\zgc-beta\application\views\theme\myaccount\front\support.php 855
ERROR - 2020-02-27 21:25:22 --> Severity: Warning --> Invalid argument supplied for foreach() E:\xampp\htdocs\zgc-beta\application\views\theme\myaccount\front\support.php 855
ERROR - 2020-02-27 21:25:22 --> Severity: Warning --> Invalid argument supplied for foreach() E:\xampp\htdocs\zgc-beta\application\views\theme\myaccount\front\support.php 855
ERROR - 2020-02-27 21:25:22 --> Severity: Warning --> Invalid argument supplied for foreach() E:\xampp\htdocs\zgc-beta\application\views\theme\myaccount\front\support.php 855
ERROR - 2020-02-27 21:25:22 --> Severity: Warning --> Invalid argument supplied for foreach() E:\xampp\htdocs\zgc-beta\application\views\theme\myaccount\front\support.php 855
ERROR - 2020-02-27 21:25:22 --> Severity: Warning --> Invalid argument supplied for foreach() E:\xampp\htdocs\zgc-beta\application\views\theme\myaccount\front\support.php 855
ERROR - 2020-02-27 21:26:22 --> Severity: Warning --> Invalid argument supplied for foreach() E:\xampp\htdocs\zgc-beta\application\views\theme\myaccount\front\support.php 855
ERROR - 2020-02-27 21:26:22 --> Severity: Warning --> Invalid argument supplied for foreach() E:\xampp\htdocs\zgc-beta\application\views\theme\myaccount\front\support.php 855
ERROR - 2020-02-27 21:26:22 --> Severity: Warning --> Invalid argument supplied for foreach() E:\xampp\htdocs\zgc-beta\application\views\theme\myaccount\front\support.php 855
ERROR - 2020-02-27 21:26:22 --> Severity: Warning --> Invalid argument supplied for foreach() E:\xampp\htdocs\zgc-beta\application\views\theme\myaccount\front\support.php 855
ERROR - 2020-02-27 21:26:22 --> Severity: Warning --> Invalid argument supplied for foreach() E:\xampp\htdocs\zgc-beta\application\views\theme\myaccount\front\support.php 855
ERROR - 2020-02-27 21:26:22 --> Severity: Warning --> Invalid argument supplied for foreach() E:\xampp\htdocs\zgc-beta\application\views\theme\myaccount\front\support.php 855
ERROR - 2020-02-27 21:26:22 --> Severity: Warning --> Invalid argument supplied for foreach() E:\xampp\htdocs\zgc-beta\application\views\theme\myaccount\front\support.php 855
ERROR - 2020-02-27 21:28:04 --> Severity: Warning --> Invalid argument supplied for foreach() E:\xampp\htdocs\zgc-beta\application\views\theme\myaccount\front\support.php 855
ERROR - 2020-02-27 21:28:04 --> Severity: Warning --> Invalid argument supplied for foreach() E:\xampp\htdocs\zgc-beta\application\views\theme\myaccount\front\support.php 855
ERROR - 2020-02-27 21:28:04 --> Severity: Warning --> Invalid argument supplied for foreach() E:\xampp\htdocs\zgc-beta\application\views\theme\myaccount\front\support.php 855
ERROR - 2020-02-27 21:28:04 --> Severity: Warning --> Invalid argument supplied for foreach() E:\xampp\htdocs\zgc-beta\application\views\theme\myaccount\front\support.php 855
ERROR - 2020-02-27 21:28:04 --> Severity: Warning --> Invalid argument supplied for foreach() E:\xampp\htdocs\zgc-beta\application\views\theme\myaccount\front\support.php 855
ERROR - 2020-02-27 21:28:04 --> Severity: Warning --> Invalid argument supplied for foreach() E:\xampp\htdocs\zgc-beta\application\views\theme\myaccount\front\support.php 855
ERROR - 2020-02-27 21:28:04 --> Severity: Warning --> Invalid argument supplied for foreach() E:\xampp\htdocs\zgc-beta\application\views\theme\myaccount\front\support.php 855
ERROR - 2020-02-27 21:35:06 --> Severity: Warning --> Invalid argument supplied for foreach() E:\xampp\htdocs\zgc-beta\application\views\theme\myaccount\front\support.php 862
ERROR - 2020-02-27 21:36:15 --> Severity: Warning --> Invalid argument supplied for foreach() E:\xampp\htdocs\zgc-beta\application\views\theme\myaccount\front\support.php 862
ERROR - 2020-02-27 21:38:13 --> Severity: Warning --> Invalid argument supplied for foreach() E:\xampp\htdocs\zgc-beta\application\views\theme\myaccount\front\support.php 862
ERROR - 2020-02-27 21:40:34 --> Severity: Warning --> Invalid argument supplied for foreach() E:\xampp\htdocs\zgc-beta\application\views\theme\myaccount\front\support.php 862
ERROR - 2020-02-27 21:41:36 --> Severity: Warning --> Invalid argument supplied for foreach() E:\xampp\htdocs\zgc-beta\application\views\theme\myaccount\front\support.php 862
ERROR - 2020-02-27 21:41:50 --> Severity: Warning --> Invalid argument supplied for foreach() E:\xampp\htdocs\zgc-beta\application\views\theme\myaccount\front\support.php 862
ERROR - 2020-02-27 21:41:59 --> Severity: Warning --> Invalid argument supplied for foreach() E:\xampp\htdocs\zgc-beta\application\views\theme\myaccount\front\support.php 862
ERROR - 2020-02-27 21:42:09 --> Severity: Warning --> Invalid argument supplied for foreach() E:\xampp\htdocs\zgc-beta\application\views\theme\myaccount\front\support.php 862
ERROR - 2020-02-27 21:42:17 --> Severity: Warning --> Invalid argument supplied for foreach() E:\xampp\htdocs\zgc-beta\application\views\theme\myaccount\front\support.php 862
ERROR - 2020-02-27 21:42:26 --> Severity: Warning --> Invalid argument supplied for foreach() E:\xampp\htdocs\zgc-beta\application\views\theme\myaccount\front\support.php 862
ERROR - 2020-02-27 22:34:13 --> Severity: error --> Exception: Call to a member function getLastReplyById() on null E:\xampp\htdocs\zgc-beta\application\helpers\comman_helper.php 795
ERROR - 2020-02-27 22:34:34 --> Severity: error --> Exception: Call to a member function getLastReplyById() on null E:\xampp\htdocs\zgc-beta\application\helpers\comman_helper.php 795
ERROR - 2020-02-27 22:38:17 --> Severity: error --> Exception: Call to a member function getLastReplyById() on null E:\xampp\htdocs\zgc-beta\application\helpers\comman_helper.php 795
