ERROR - 2020-02-13 00:07:08 --> 404 Page Not Found: js
ERROR - 2020-02-13 00:07:09 --> 404 Page Not Found: js
ERROR - 2020-02-13 00:07:25 --> 404 Page Not Found: assets
ERROR - 2020-02-13 00:07:25 --> 404 Page Not Found: js
ERROR - 2020-02-13 00:07:25 --> 404 Page Not Found: assets
ERROR - 2020-02-13 00:07:26 --> 404 Page Not Found: js
ERROR - 2020-02-13 00:07:29 --> Severity: Notice --> Undefined offset: 0 E:\xampp\htdocs\zgc-beta\application\models\Basic.php 232
ERROR - 2020-02-13 00:07:36 --> Severity: Notice --> Trying to get property 'payment_method' of non-object E:\xampp\htdocs\zgc-beta\application\views\theme\myaccount\admin\order\overview.php 37
ERROR - 2020-02-13 00:07:36 --> Severity: Notice --> Trying to get property 'status' of non-object E:\xampp\htdocs\zgc-beta\application\views\theme\myaccount\admin\order\overview.php 42
ERROR - 2020-02-13 00:07:36 --> Severity: Notice --> Trying to get property 'added_date' of non-object E:\xampp\htdocs\zgc-beta\application\views\theme\myaccount\admin\order\bottom_content.php 308
ERROR - 2020-02-13 00:07:36 --> Severity: Notice --> Trying to get property 'order_number' of non-object E:\xampp\htdocs\zgc-beta\application\views\theme\myaccount\admin\order\bottom_content.php 325
ERROR - 2020-02-13 00:07:36 --> Severity: Notice --> Trying to get property 'order_amount' of non-object E:\xampp\htdocs\zgc-beta\application\views\theme\myaccount\admin\order\bottom_content.php 326
ERROR - 2020-02-13 00:07:36 --> Severity: Notice --> Trying to get property 'broker_amount' of non-object E:\xampp\htdocs\zgc-beta\application\views\theme\myaccount\admin\order\bottom_content.php 327
ERROR - 2020-02-13 00:07:36 --> Severity: Notice --> Trying to get property 'user_id' of non-object E:\xampp\htdocs\zgc-beta\application\views\theme\myaccount\admin\order\bottom_content.php 329
ERROR - 2020-02-13 00:07:36 --> Severity: Notice --> Trying to get property 'product_name' of non-object E:\xampp\htdocs\zgc-beta\application\views\theme\myaccount\admin\order\bottom_content.php 330
ERROR - 2020-02-13 00:07:36 --> Severity: Notice --> Trying to get property 'order_id' of non-object E:\xampp\htdocs\zgc-beta\application\views\theme\myaccount\admin\order\bottom_content.php 332
ERROR - 2020-02-13 00:07:36 --> Severity: Notice --> Trying to get property 'order_id' of non-object E:\xampp\htdocs\zgc-beta\application\views\theme\myaccount\admin\order\bottom_content.php 472
ERROR - 2020-02-13 00:07:36 --> Severity: Notice --> Trying to get property 'product_id' of non-object E:\xampp\htdocs\zgc-beta\application\views\theme\myaccount\admin\order\bottom_content.php 472
ERROR - 2020-02-13 00:07:36 --> Severity: Notice --> Trying to get property 'user_id' of non-object E:\xampp\htdocs\zgc-beta\application\views\theme\myaccount\admin\order\bottom_content.php 855
ERROR - 2020-02-13 00:12:54 --> Severity: Warning --> Invalid argument supplied for foreach() E:\xampp\htdocs\zgc-beta\application\views\theme\steps\support.php 66
ERROR - 2020-02-13 00:12:54 --> Severity: Warning --> Invalid argument supplied for foreach() E:\xampp\htdocs\zgc-beta\application\views\theme\steps\support.php 66
ERROR - 2020-02-13 00:12:55 --> Severity: Warning --> Invalid argument supplied for foreach() E:\xampp\htdocs\zgc-beta\application\views\theme\steps\support.php 66
ERROR - 2020-02-13 00:13:55 --> Severity: Warning --> Invalid argument supplied for foreach() E:\xampp\htdocs\zgc-beta\application\views\theme\steps\support.php 66
ERROR - 2020-02-13 00:13:55 --> Severity: Warning --> Invalid argument supplied for foreach() E:\xampp\htdocs\zgc-beta\application\views\theme\steps\support.php 66
ERROR - 2020-02-13 00:13:55 --> Severity: Warning --> Invalid argument supplied for foreach() E:\xampp\htdocs\zgc-beta\application\views\theme\steps\support.php 66
ERROR - 2020-02-13 00:14:39 --> 404 Page Not Found: assets
ERROR - 2020-02-13 00:14:39 --> 404 Page Not Found: assets
ERROR - 2020-02-13 00:15:38 --> Severity: Warning --> Invalid argument supplied for foreach() E:\xampp\htdocs\zgc-beta\application\views\theme\steps\support.php 66
ERROR - 2020-02-13 00:15:38 --> Severity: Warning --> Invalid argument supplied for foreach() E:\xampp\htdocs\zgc-beta\application\views\theme\steps\support.php 66
ERROR - 2020-02-13 00:15:39 --> Severity: Warning --> Invalid argument supplied for foreach() E:\xampp\htdocs\zgc-beta\application\views\theme\steps\support.php 66
ERROR - 2020-02-13 15:36:49 --> 404 Page Not Found: js
ERROR - 2020-02-13 15:36:49 --> 404 Page Not Found: js
ERROR - 2020-02-13 16:34:23 --> 404 Page Not Found: assets
ERROR - 2020-02-13 16:34:23 --> 404 Page Not Found: assets
ERROR - 2020-02-13 17:05:01 --> 404 Page Not Found: js
ERROR - 2020-02-13 17:05:01 --> 404 Page Not Found: js
ERROR - 2020-02-13 18:00:21 --> 404 Page Not Found: js
ERROR - 2020-02-13 18:00:21 --> 404 Page Not Found: js
ERROR - 2020-02-13 18:00:45 --> 404 Page Not Found: assets
ERROR - 2020-02-13 18:00:45 --> 404 Page Not Found: assets
ERROR - 2020-02-13 18:02:50 --> 404 Page Not Found: assets
ERROR - 2020-02-13 18:02:50 --> 404 Page Not Found: assets
ERROR - 2020-02-13 18:03:34 --> 404 Page Not Found: assets
ERROR - 2020-02-13 18:03:34 --> 404 Page Not Found: assets
ERROR - 2020-02-13 18:09:55 --> Severity: Notice --> Undefined variable: priority E:\xampp\htdocs\zgc-beta\application\views\theme\myaccount\dashboard.php 450
ERROR - 2020-02-13 18:09:55 --> Severity: Warning --> Invalid argument supplied for foreach() E:\xampp\htdocs\zgc-beta\application\views\theme\myaccount\dashboard.php 450
ERROR - 2020-02-13 18:09:55 --> Severity: Notice --> Undefined variable: support_status_output E:\xampp\htdocs\zgc-beta\application\views\theme\myaccount\dashboard.php 472
ERROR - 2020-02-13 18:09:56 --> 404 Page Not Found: js
ERROR - 2020-02-13 18:09:56 --> 404 Page Not Found: js
ERROR - 2020-02-13 18:11:07 --> Severity: Notice --> Undefined variable: support_status_output E:\xampp\htdocs\zgc-beta\application\views\theme\myaccount\dashboard.php 467
ERROR - 2020-02-13 18:11:07 --> 404 Page Not Found: js
ERROR - 2020-02-13 18:11:08 --> 404 Page Not Found: js
ERROR - 2020-02-13 18:11:26 --> Severity: Notice --> Undefined variable: support_status_output E:\xampp\htdocs\zgc-beta\application\views\theme\myaccount\dashboard.php 467
ERROR - 2020-02-13 18:11:26 --> 404 Page Not Found: js
ERROR - 2020-02-13 18:11:27 --> 404 Page Not Found: js
ERROR - 2020-02-13 18:11:54 --> 404 Page Not Found: js
ERROR - 2020-02-13 18:11:55 --> 404 Page Not Found: js
ERROR - 2020-02-13 18:19:50 --> 404 Page Not Found: assets
ERROR - 2020-02-13 18:21:00 --> Severity: Notice --> Undefined variable: balorder E:\xampp\htdocs\zgc-beta\application\views\theme\myaccount\user_account.php 223
ERROR - 2020-02-13 18:21:00 --> Severity: Notice --> Trying to get property 'product_name' of non-object E:\xampp\htdocs\zgc-beta\application\views\theme\myaccount\user_account.php 223
ERROR - 2020-02-13 18:21:03 --> 404 Page Not Found: assets
ERROR - 2020-02-13 20:44:51 --> 404 Page Not Found: js
ERROR - 2020-02-13 20:44:51 --> 404 Page Not Found: js
ERROR - 2020-02-13 20:45:25 --> Severity: Notice --> Undefined variable: status E:\xampp\htdocs\zgc-beta\application\views\theme\myaccount\order-history.php 90
ERROR - 2020-02-13 20:45:36 --> 404 Page Not Found: js
ERROR - 2020-02-13 20:45:37 --> 404 Page Not Found: js
ERROR - 2020-02-13 20:45:58 --> 404 Page Not Found: assets
ERROR - 2020-02-13 20:45:58 --> 404 Page Not Found: js
ERROR - 2020-02-13 20:45:58 --> 404 Page Not Found: assets
ERROR - 2020-02-13 20:45:59 --> 404 Page Not Found: js
ERROR - 2020-02-13 20:46:02 --> Severity: Notice --> Undefined offset: 0 E:\xampp\htdocs\zgc-beta\application\models\Basic.php 236
ERROR - 2020-02-13 20:46:09 --> Severity: Notice --> Trying to get property 'payment_method' of non-object E:\xampp\htdocs\zgc-beta\application\views\theme\myaccount\admin\order\overview.php 37
ERROR - 2020-02-13 20:46:09 --> Severity: Notice --> Trying to get property 'status' of non-object E:\xampp\htdocs\zgc-beta\application\views\theme\myaccount\admin\order\overview.php 42
ERROR - 2020-02-13 20:46:09 --> Severity: Notice --> Trying to get property 'added_date' of non-object E:\xampp\htdocs\zgc-beta\application\views\theme\myaccount\admin\order\bottom_content.php 308
ERROR - 2020-02-13 20:46:09 --> Severity: Notice --> Trying to get property 'order_number' of non-object E:\xampp\htdocs\zgc-beta\application\views\theme\myaccount\admin\order\bottom_content.php 325
ERROR - 2020-02-13 20:46:09 --> Severity: Notice --> Trying to get property 'order_amount' of non-object E:\xampp\htdocs\zgc-beta\application\views\theme\myaccount\admin\order\bottom_content.php 326
ERROR - 2020-02-13 20:46:09 --> Severity: Notice --> Trying to get property 'broker_amount' of non-object E:\xampp\htdocs\zgc-beta\application\views\theme\myaccount\admin\order\bottom_content.php 327
ERROR - 2020-02-13 20:46:09 --> Severity: Notice --> Trying to get property 'user_id' of non-object E:\xampp\htdocs\zgc-beta\application\views\theme\myaccount\admin\order\bottom_content.php 329
ERROR - 2020-02-13 20:46:09 --> Severity: Notice --> Trying to get property 'product_name' of non-object E:\xampp\htdocs\zgc-beta\application\views\theme\myaccount\admin\order\bottom_content.php 330
ERROR - 2020-02-13 20:46:09 --> Severity: Notice --> Trying to get property 'order_id' of non-object E:\xampp\htdocs\zgc-beta\application\views\theme\myaccount\admin\order\bottom_content.php 332
ERROR - 2020-02-13 20:46:09 --> Severity: Notice --> Trying to get property 'order_id' of non-object E:\xampp\htdocs\zgc-beta\application\views\theme\myaccount\admin\order\bottom_content.php 472
ERROR - 2020-02-13 20:46:09 --> Severity: Notice --> Trying to get property 'product_id' of non-object E:\xampp\htdocs\zgc-beta\application\views\theme\myaccount\admin\order\bottom_content.php 472
ERROR - 2020-02-13 20:46:09 --> Severity: Notice --> Trying to get property 'user_id' of non-object E:\xampp\htdocs\zgc-beta\application\views\theme\myaccount\admin\order\bottom_content.php 855
ERROR - 2020-02-13 20:48:22 --> 404 Page Not Found: js
ERROR - 2020-02-13 20:48:22 --> 404 Page Not Found: js
ERROR - 2020-02-13 20:48:38 --> Severity: Notice --> Undefined variable: status E:\xampp\htdocs\zgc-beta\application\views\theme\myaccount\order-history.php 90
ERROR - 2020-02-13 20:48:49 --> 404 Page Not Found: js
ERROR - 2020-02-13 20:48:50 --> 404 Page Not Found: js
ERROR - 2020-02-13 20:49:31 --> Severity: Notice --> Trying to get property 'status_name' of non-object E:\xampp\htdocs\zgc-beta\application\helpers\comman_helper.php 509
ERROR - 2020-02-13 20:49:39 --> 404 Page Not Found: assets
ERROR - 2020-02-13 20:49:39 --> 404 Page Not Found: js
ERROR - 2020-02-13 20:49:39 --> 404 Page Not Found: assets
ERROR - 2020-02-13 20:49:40 --> 404 Page Not Found: js
ERROR - 2020-02-13 21:18:16 --> 404 Page Not Found: assets
ERROR - 2020-02-13 21:29:02 --> 404 Page Not Found: assets
ERROR - 2020-02-13 21:30:05 --> 404 Page Not Found: assets
ERROR - 2020-02-13 21:30:34 --> 404 Page Not Found: assets
ERROR - 2020-02-13 21:31:39 --> 404 Page Not Found: assets
ERROR - 2020-02-13 21:31:52 --> 404 Page Not Found: assets
ERROR - 2020-02-13 21:33:52 --> 404 Page Not Found: assets
ERROR - 2020-02-13 21:59:08 --> 404 Page Not Found: assets
ERROR - 2020-02-13 22:02:05 --> 404 Page Not Found: assets
ERROR - 2020-02-13 22:03:43 --> 404 Page Not Found: assets
ERROR - 2020-02-13 22:04:55 --> Severity: Warning --> Invalid argument supplied for foreach() E:\xampp\htdocs\zgc-beta\application\views\theme\steps\support.php 66
ERROR - 2020-02-13 22:04:55 --> Severity: Warning --> Invalid argument supplied for foreach() E:\xampp\htdocs\zgc-beta\application\views\theme\steps\support.php 66
ERROR - 2020-02-13 22:13:02 --> 404 Page Not Found: assets
ERROR - 2020-02-13 22:14:26 --> 404 Page Not Found: assets
ERROR - 2020-02-13 22:14:43 --> 404 Page Not Found: assets
ERROR - 2020-02-13 22:15:58 --> 404 Page Not Found: assets
ERROR - 2020-02-13 22:19:56 --> 404 Page Not Found: assets
ERROR - 2020-02-13 22:23:18 --> 404 Page Not Found: assets
ERROR - 2020-02-13 22:24:54 --> 404 Page Not Found: assets
ERROR - 2020-02-13 22:25:16 --> 404 Page Not Found: assets
ERROR - 2020-02-13 22:26:09 --> 404 Page Not Found: assets
ERROR - 2020-02-13 22:26:23 --> 404 Page Not Found: assets
ERROR - 2020-02-13 22:27:12 --> 404 Page Not Found: assets
ERROR - 2020-02-13 22:28:26 --> 404 Page Not Found: assets
ERROR - 2020-02-13 22:32:57 --> 404 Page Not Found: assets
ERROR - 2020-02-13 22:34:05 --> 404 Page Not Found: assets
ERROR - 2020-02-13 22:34:21 --> 404 Page Not Found: assets
ERROR - 2020-02-13 22:38:41 --> 404 Page Not Found: assets
ERROR - 2020-02-13 22:38:41 --> 404 Page Not Found: assets
ERROR - 2020-02-13 22:39:36 --> 404 Page Not Found: assets
ERROR - 2020-02-13 22:40:53 --> 404 Page Not Found: assets
ERROR - 2020-02-13 22:43:31 --> 404 Page Not Found: assets
