ERROR - 2020-02-12 00:03:22 --> Severity: Notice --> Undefined index: employee_id E:\xampp\htdocs\zgc-beta\application\views\theme\myaccount\front\support.php 467
ERROR - 2020-02-12 00:03:25 --> 404 Page Not Found: assets
ERROR - 2020-02-12 00:03:25 --> 404 Page Not Found: assets
ERROR - 2020-02-12 00:34:13 --> 404 Page Not Found: js
ERROR - 2020-02-12 00:34:13 --> 404 Page Not Found: js
ERROR - 2020-02-12 00:43:06 --> 404 Page Not Found: assets
ERROR - 2020-02-12 00:43:06 --> 404 Page Not Found: assets
ERROR - 2020-02-12 00:43:38 --> 404 Page Not Found: support_select.php
ERROR - 2020-02-12 00:49:10 --> 404 Page Not Found: assets
ERROR - 2020-02-12 00:49:10 --> 404 Page Not Found: assets
ERROR - 2020-02-12 00:52:21 --> 404 Page Not Found: assets
ERROR - 2020-02-12 00:52:21 --> 404 Page Not Found: assets
ERROR - 2020-02-12 00:57:40 --> 404 Page Not Found: assets
ERROR - 2020-02-12 00:57:40 --> 404 Page Not Found: assets
ERROR - 2020-02-12 00:59:39 --> 404 Page Not Found: assets
ERROR - 2020-02-12 00:59:39 --> 404 Page Not Found: assets
ERROR - 2020-02-12 01:03:05 --> 404 Page Not Found: assets
ERROR - 2020-02-12 01:03:05 --> 404 Page Not Found: assets
ERROR - 2020-02-12 01:08:47 --> Severity: Notice --> Array to string conversion E:\xampp\htdocs\zgc-beta\application\views\theme\myaccount\front\support.php 165
ERROR - 2020-02-12 01:08:49 --> 404 Page Not Found: assets
ERROR - 2020-02-12 01:08:49 --> 404 Page Not Found: assets
ERROR - 2020-02-12 01:09:26 --> 404 Page Not Found: assets
ERROR - 2020-02-12 01:09:26 --> 404 Page Not Found: assets
ERROR - 2020-02-12 01:10:12 --> 404 Page Not Found: assets
ERROR - 2020-02-12 01:10:12 --> 404 Page Not Found: assets
ERROR - 2020-02-12 16:42:28 --> 404 Page Not Found: assets
ERROR - 2020-02-12 16:42:29 --> 404 Page Not Found: assets
ERROR - 2020-02-12 16:44:26 --> 404 Page Not Found: js
ERROR - 2020-02-12 16:44:26 --> 404 Page Not Found: js
ERROR - 2020-02-12 16:48:28 --> 404 Page Not Found: js
ERROR - 2020-02-12 16:48:28 --> 404 Page Not Found: js
ERROR - 2020-02-12 16:50:11 --> 404 Page Not Found: js
ERROR - 2020-02-12 16:50:12 --> 404 Page Not Found: js
ERROR - 2020-02-12 18:10:58 --> 404 Page Not Found: js
ERROR - 2020-02-12 18:10:58 --> 404 Page Not Found: js
ERROR - 2020-02-12 18:11:42 --> 404 Page Not Found: js
ERROR - 2020-02-12 18:11:42 --> 404 Page Not Found: js
ERROR - 2020-02-12 18:14:02 --> 404 Page Not Found: js
ERROR - 2020-02-12 18:14:02 --> 404 Page Not Found: js
ERROR - 2020-02-12 18:23:00 --> Severity: Notice --> Undefined variable: order E:\xampp\htdocs\zgc-beta\application\views\theme\myaccount\order-history.php 57
ERROR - 2020-02-12 18:23:00 --> Severity: Notice --> Trying to get property 'user_id' of non-object E:\xampp\htdocs\zgc-beta\application\views\theme\myaccount\order-history.php 57
ERROR - 2020-02-12 18:23:00 --> Severity: Notice --> Undefined variable: order E:\xampp\htdocs\zgc-beta\application\views\theme\myaccount\order-history.php 57
ERROR - 2020-02-12 18:23:00 --> Severity: Notice --> Trying to get property 'user_id' of non-object E:\xampp\htdocs\zgc-beta\application\views\theme\myaccount\order-history.php 57
ERROR - 2020-02-12 18:23:01 --> Severity: Notice --> Undefined variable: order E:\xampp\htdocs\zgc-beta\application\views\theme\myaccount\order-history.php 57
ERROR - 2020-02-12 18:23:01 --> Severity: Notice --> Trying to get property 'user_id' of non-object E:\xampp\htdocs\zgc-beta\application\views\theme\myaccount\order-history.php 57
ERROR - 2020-02-12 18:23:01 --> Severity: Notice --> Undefined variable: order E:\xampp\htdocs\zgc-beta\application\views\theme\myaccount\order-history.php 57
ERROR - 2020-02-12 18:23:01 --> Severity: Notice --> Trying to get property 'user_id' of non-object E:\xampp\htdocs\zgc-beta\application\views\theme\myaccount\order-history.php 57
ERROR - 2020-02-12 18:23:01 --> Severity: Notice --> Undefined variable: order E:\xampp\htdocs\zgc-beta\application\views\theme\myaccount\order-history.php 57
ERROR - 2020-02-12 18:23:01 --> Severity: Notice --> Trying to get property 'user_id' of non-object E:\xampp\htdocs\zgc-beta\application\views\theme\myaccount\order-history.php 57
ERROR - 2020-02-12 18:23:02 --> 404 Page Not Found: js
ERROR - 2020-02-12 18:23:02 --> 404 Page Not Found: js
ERROR - 2020-02-12 18:25:06 --> Severity: Notice --> Undefined variable: name E:\xampp\htdocs\zgc-beta\application\views\theme\myaccount\order-history.php 63
ERROR - 2020-02-12 18:25:06 --> Severity: Notice --> Undefined variable: name E:\xampp\htdocs\zgc-beta\application\views\theme\myaccount\order-history.php 63
ERROR - 2020-02-12 18:25:06 --> Severity: Notice --> Undefined variable: name E:\xampp\htdocs\zgc-beta\application\views\theme\myaccount\order-history.php 63
ERROR - 2020-02-12 18:25:06 --> Severity: Notice --> Undefined variable: name E:\xampp\htdocs\zgc-beta\application\views\theme\myaccount\order-history.php 63
ERROR - 2020-02-12 18:25:06 --> Severity: Notice --> Undefined variable: name E:\xampp\htdocs\zgc-beta\application\views\theme\myaccount\order-history.php 63
ERROR - 2020-02-12 18:25:06 --> 404 Page Not Found: js
ERROR - 2020-02-12 18:25:06 --> 404 Page Not Found: js
ERROR - 2020-02-12 18:26:15 --> Severity: Notice --> Undefined variable: name E:\xampp\htdocs\zgc-beta\application\views\theme\myaccount\order-history.php 63
ERROR - 2020-02-12 18:26:15 --> Severity: Notice --> Undefined variable: name E:\xampp\htdocs\zgc-beta\application\views\theme\myaccount\order-history.php 63
ERROR - 2020-02-12 18:26:15 --> Severity: Notice --> Undefined variable: name E:\xampp\htdocs\zgc-beta\application\views\theme\myaccount\order-history.php 63
ERROR - 2020-02-12 18:26:15 --> Severity: Notice --> Undefined variable: name E:\xampp\htdocs\zgc-beta\application\views\theme\myaccount\order-history.php 63
ERROR - 2020-02-12 18:26:15 --> Severity: Notice --> Undefined variable: name E:\xampp\htdocs\zgc-beta\application\views\theme\myaccount\order-history.php 63
ERROR - 2020-02-12 18:26:16 --> 404 Page Not Found: js
ERROR - 2020-02-12 18:26:16 --> 404 Page Not Found: js
ERROR - 2020-02-12 18:27:09 --> Severity: error --> Exception: syntax error, unexpected '?>' E:\xampp\htdocs\zgc-beta\application\views\theme\myaccount\order-history.php 64
ERROR - 2020-02-12 18:27:35 --> Severity: error --> Exception: syntax error, unexpected '?>' E:\xampp\htdocs\zgc-beta\application\views\theme\myaccount\order-history.php 64
ERROR - 2020-02-12 18:28:05 --> Severity: Notice --> Undefined property: stdClass::$fname E:\xampp\htdocs\zgc-beta\application\views\theme\myaccount\order-history.php 63
ERROR - 2020-02-12 18:28:05 --> Severity: Notice --> Undefined property: stdClass::$lname E:\xampp\htdocs\zgc-beta\application\views\theme\myaccount\order-history.php 63
ERROR - 2020-02-12 18:28:05 --> Severity: Notice --> Undefined property: stdClass::$fname E:\xampp\htdocs\zgc-beta\application\views\theme\myaccount\order-history.php 63
ERROR - 2020-02-12 18:28:05 --> Severity: Notice --> Undefined property: stdClass::$lname E:\xampp\htdocs\zgc-beta\application\views\theme\myaccount\order-history.php 63
ERROR - 2020-02-12 18:28:05 --> Severity: Notice --> Undefined property: stdClass::$fname E:\xampp\htdocs\zgc-beta\application\views\theme\myaccount\order-history.php 63
ERROR - 2020-02-12 18:28:05 --> Severity: Notice --> Undefined property: stdClass::$lname E:\xampp\htdocs\zgc-beta\application\views\theme\myaccount\order-history.php 63
ERROR - 2020-02-12 18:28:05 --> Severity: Notice --> Undefined property: stdClass::$fname E:\xampp\htdocs\zgc-beta\application\views\theme\myaccount\order-history.php 63
ERROR - 2020-02-12 18:28:05 --> Severity: Notice --> Undefined property: stdClass::$lname E:\xampp\htdocs\zgc-beta\application\views\theme\myaccount\order-history.php 63
ERROR - 2020-02-12 18:28:05 --> Severity: Notice --> Undefined property: stdClass::$fname E:\xampp\htdocs\zgc-beta\application\views\theme\myaccount\order-history.php 63
ERROR - 2020-02-12 18:28:05 --> Severity: Notice --> Undefined property: stdClass::$lname E:\xampp\htdocs\zgc-beta\application\views\theme\myaccount\order-history.php 63
ERROR - 2020-02-12 18:28:06 --> 404 Page Not Found: js
ERROR - 2020-02-12 18:28:06 --> 404 Page Not Found: js
ERROR - 2020-02-12 18:28:47 --> Severity: Notice --> Undefined property: stdClass::$fname E:\xampp\htdocs\zgc-beta\application\views\theme\myaccount\order-history.php 63
ERROR - 2020-02-12 18:28:47 --> Severity: Notice --> Undefined property: stdClass::$fname E:\xampp\htdocs\zgc-beta\application\views\theme\myaccount\order-history.php 63
ERROR - 2020-02-12 18:28:47 --> Severity: Notice --> Undefined property: stdClass::$fname E:\xampp\htdocs\zgc-beta\application\views\theme\myaccount\order-history.php 63
ERROR - 2020-02-12 18:28:47 --> Severity: Notice --> Undefined property: stdClass::$fname E:\xampp\htdocs\zgc-beta\application\views\theme\myaccount\order-history.php 63
ERROR - 2020-02-12 18:28:47 --> Severity: Notice --> Undefined property: stdClass::$fname E:\xampp\htdocs\zgc-beta\application\views\theme\myaccount\order-history.php 63
ERROR - 2020-02-12 18:28:47 --> 404 Page Not Found: js
ERROR - 2020-02-12 18:28:48 --> 404 Page Not Found: js
ERROR - 2020-02-12 18:29:41 --> 404 Page Not Found: js
ERROR - 2020-02-12 18:29:42 --> 404 Page Not Found: js
ERROR - 2020-02-12 18:30:28 --> Severity: Warning --> Illegal string offset 'fname' E:\xampp\htdocs\zgc-beta\application\views\theme\myaccount\order-history.php 63
ERROR - 2020-02-12 18:30:28 --> Severity: Notice --> Uninitialized string offset: 0 E:\xampp\htdocs\zgc-beta\application\views\theme\myaccount\order-history.php 63
ERROR - 2020-02-12 18:30:28 --> Severity: Warning --> Illegal string offset 'fname' E:\xampp\htdocs\zgc-beta\application\views\theme\myaccount\order-history.php 63
ERROR - 2020-02-12 18:30:28 --> Severity: Notice --> Uninitialized string offset: 0 E:\xampp\htdocs\zgc-beta\application\views\theme\myaccount\order-history.php 63
ERROR - 2020-02-12 18:30:28 --> Severity: Warning --> Illegal string offset 'fname' E:\xampp\htdocs\zgc-beta\application\views\theme\myaccount\order-history.php 63
ERROR - 2020-02-12 18:30:28 --> Severity: Notice --> Uninitialized string offset: 0 E:\xampp\htdocs\zgc-beta\application\views\theme\myaccount\order-history.php 63
ERROR - 2020-02-12 18:30:28 --> Severity: Warning --> Illegal string offset 'fname' E:\xampp\htdocs\zgc-beta\application\views\theme\myaccount\order-history.php 63
ERROR - 2020-02-12 18:30:28 --> Severity: Warning --> Illegal string offset 'fname' E:\xampp\htdocs\zgc-beta\application\views\theme\myaccount\order-history.php 63
ERROR - 2020-02-12 18:30:29 --> 404 Page Not Found: js
ERROR - 2020-02-12 18:30:29 --> 404 Page Not Found: js
ERROR - 2020-02-12 18:30:56 --> Severity: Warning --> Use of undefined constant fname - assumed 'fname' (this will throw an Error in a future version of PHP) E:\xampp\htdocs\zgc-beta\application\views\theme\myaccount\order-history.php 63
ERROR - 2020-02-12 18:30:56 --> Severity: Warning --> Illegal string offset 'fname' E:\xampp\htdocs\zgc-beta\application\views\theme\myaccount\order-history.php 63
ERROR - 2020-02-12 18:30:56 --> Severity: Notice --> Uninitialized string offset: 0 E:\xampp\htdocs\zgc-beta\application\views\theme\myaccount\order-history.php 63
ERROR - 2020-02-12 18:30:56 --> Severity: Warning --> Use of undefined constant fname - assumed 'fname' (this will throw an Error in a future version of PHP) E:\xampp\htdocs\zgc-beta\application\views\theme\myaccount\order-history.php 63
ERROR - 2020-02-12 18:30:56 --> Severity: Warning --> Illegal string offset 'fname' E:\xampp\htdocs\zgc-beta\application\views\theme\myaccount\order-history.php 63
ERROR - 2020-02-12 18:30:56 --> Severity: Notice --> Uninitialized string offset: 0 E:\xampp\htdocs\zgc-beta\application\views\theme\myaccount\order-history.php 63
ERROR - 2020-02-12 18:30:56 --> Severity: Warning --> Use of undefined constant fname - assumed 'fname' (this will throw an Error in a future version of PHP) E:\xampp\htdocs\zgc-beta\application\views\theme\myaccount\order-history.php 63
ERROR - 2020-02-12 18:30:56 --> Severity: Warning --> Illegal string offset 'fname' E:\xampp\htdocs\zgc-beta\application\views\theme\myaccount\order-history.php 63
ERROR - 2020-02-12 18:30:56 --> Severity: Notice --> Uninitialized string offset: 0 E:\xampp\htdocs\zgc-beta\application\views\theme\myaccount\order-history.php 63
ERROR - 2020-02-12 18:30:56 --> Severity: Warning --> Use of undefined constant fname - assumed 'fname' (this will throw an Error in a future version of PHP) E:\xampp\htdocs\zgc-beta\application\views\theme\myaccount\order-history.php 63
ERROR - 2020-02-12 18:30:56 --> Severity: Warning --> Illegal string offset 'fname' E:\xampp\htdocs\zgc-beta\application\views\theme\myaccount\order-history.php 63
ERROR - 2020-02-12 18:30:56 --> Severity: Warning --> Use of undefined constant fname - assumed 'fname' (this will throw an Error in a future version of PHP) E:\xampp\htdocs\zgc-beta\application\views\theme\myaccount\order-history.php 63
ERROR - 2020-02-12 18:30:56 --> Severity: Warning --> Illegal string offset 'fname' E:\xampp\htdocs\zgc-beta\application\views\theme\myaccount\order-history.php 63
ERROR - 2020-02-12 18:30:56 --> 404 Page Not Found: js
ERROR - 2020-02-12 18:30:57 --> 404 Page Not Found: js
ERROR - 2020-02-12 18:31:19 --> Severity: Notice --> Uninitialized string offset: 0 E:\xampp\htdocs\zgc-beta\application\views\theme\myaccount\order-history.php 63
ERROR - 2020-02-12 18:31:19 --> Severity: Notice --> Uninitialized string offset: 0 E:\xampp\htdocs\zgc-beta\application\views\theme\myaccount\order-history.php 63
ERROR - 2020-02-12 18:31:19 --> Severity: Notice --> Uninitialized string offset: 0 E:\xampp\htdocs\zgc-beta\application\views\theme\myaccount\order-history.php 63
ERROR - 2020-02-12 18:31:19 --> 404 Page Not Found: js
ERROR - 2020-02-12 18:31:20 --> 404 Page Not Found: js
ERROR - 2020-02-12 18:31:43 --> Severity: Notice --> Trying to get property 'fname' of non-object E:\xampp\htdocs\zgc-beta\application\views\theme\myaccount\order-history.php 63
ERROR - 2020-02-12 18:31:43 --> Severity: Notice --> Trying to get property 'fname' of non-object E:\xampp\htdocs\zgc-beta\application\views\theme\myaccount\order-history.php 63
ERROR - 2020-02-12 18:31:43 --> Severity: Notice --> Trying to get property 'fname' of non-object E:\xampp\htdocs\zgc-beta\application\views\theme\myaccount\order-history.php 63
ERROR - 2020-02-12 18:31:43 --> Severity: Notice --> Trying to get property 'fname' of non-object E:\xampp\htdocs\zgc-beta\application\views\theme\myaccount\order-history.php 63
ERROR - 2020-02-12 18:31:43 --> Severity: Notice --> Trying to get property 'fname' of non-object E:\xampp\htdocs\zgc-beta\application\views\theme\myaccount\order-history.php 63
ERROR - 2020-02-12 18:31:44 --> 404 Page Not Found: js
ERROR - 2020-02-12 18:31:44 --> 404 Page Not Found: js
ERROR - 2020-02-12 18:38:08 --> Severity: Notice --> Undefined property: stdClass::$fname E:\xampp\htdocs\zgc-beta\application\views\theme\myaccount\order-history.php 63
ERROR - 2020-02-12 18:38:08 --> Severity: Notice --> Undefined property: stdClass::$fname E:\xampp\htdocs\zgc-beta\application\views\theme\myaccount\order-history.php 63
ERROR - 2020-02-12 18:38:08 --> Severity: Notice --> Undefined property: stdClass::$fname E:\xampp\htdocs\zgc-beta\application\views\theme\myaccount\order-history.php 63
ERROR - 2020-02-12 18:38:08 --> Severity: Notice --> Undefined property: stdClass::$fname E:\xampp\htdocs\zgc-beta\application\views\theme\myaccount\order-history.php 63
ERROR - 2020-02-12 18:38:08 --> Severity: Notice --> Undefined property: stdClass::$fname E:\xampp\htdocs\zgc-beta\application\views\theme\myaccount\order-history.php 63
ERROR - 2020-02-12 18:38:08 --> 404 Page Not Found: js
ERROR - 2020-02-12 18:38:09 --> 404 Page Not Found: js
ERROR - 2020-02-12 18:45:25 --> 404 Page Not Found: js
ERROR - 2020-02-12 18:45:25 --> 404 Page Not Found: js
ERROR - 2020-02-12 18:45:35 --> Severity: Notice --> Undefined property: stdClass::$fname E:\xampp\htdocs\zgc-beta\application\views\theme\myaccount\order-history.php 63
ERROR - 2020-02-12 18:45:35 --> Severity: Notice --> Undefined property: stdClass::$fname E:\xampp\htdocs\zgc-beta\application\views\theme\myaccount\order-history.php 63
ERROR - 2020-02-12 18:45:35 --> Severity: Notice --> Undefined property: stdClass::$fname E:\xampp\htdocs\zgc-beta\application\views\theme\myaccount\order-history.php 63
ERROR - 2020-02-12 18:45:35 --> Severity: Notice --> Undefined property: stdClass::$fname E:\xampp\htdocs\zgc-beta\application\views\theme\myaccount\order-history.php 63
ERROR - 2020-02-12 18:45:35 --> Severity: Notice --> Undefined property: stdClass::$fname E:\xampp\htdocs\zgc-beta\application\views\theme\myaccount\order-history.php 63
ERROR - 2020-02-12 18:45:36 --> 404 Page Not Found: js
ERROR - 2020-02-12 18:45:36 --> 404 Page Not Found: js
ERROR - 2020-02-12 18:55:00 --> Severity: Notice --> Undefined property: stdClass::$fname E:\xampp\htdocs\zgc-beta\application\views\theme\myaccount\order-history.php 63
ERROR - 2020-02-12 18:55:00 --> Severity: Notice --> Undefined property: stdClass::$fname E:\xampp\htdocs\zgc-beta\application\views\theme\myaccount\order-history.php 63
ERROR - 2020-02-12 18:55:00 --> Severity: Notice --> Undefined property: stdClass::$fname E:\xampp\htdocs\zgc-beta\application\views\theme\myaccount\order-history.php 63
ERROR - 2020-02-12 18:55:00 --> Severity: Notice --> Undefined property: stdClass::$fname E:\xampp\htdocs\zgc-beta\application\views\theme\myaccount\order-history.php 63
ERROR - 2020-02-12 18:55:00 --> Severity: Notice --> Undefined property: stdClass::$fname E:\xampp\htdocs\zgc-beta\application\views\theme\myaccount\order-history.php 63
ERROR - 2020-02-12 18:55:01 --> 404 Page Not Found: js
ERROR - 2020-02-12 18:55:01 --> 404 Page Not Found: js
ERROR - 2020-02-12 18:55:45 --> Severity: Notice --> Undefined property: stdClass::$fname E:\xampp\htdocs\zgc-beta\application\views\theme\myaccount\order-history.php 63
ERROR - 2020-02-12 18:55:45 --> Severity: Notice --> Undefined property: stdClass::$fname E:\xampp\htdocs\zgc-beta\application\views\theme\myaccount\order-history.php 63
ERROR - 2020-02-12 18:55:45 --> Severity: Notice --> Undefined property: stdClass::$fname E:\xampp\htdocs\zgc-beta\application\views\theme\myaccount\order-history.php 63
ERROR - 2020-02-12 18:55:45 --> Severity: Notice --> Undefined property: stdClass::$fname E:\xampp\htdocs\zgc-beta\application\views\theme\myaccount\order-history.php 63
ERROR - 2020-02-12 18:55:45 --> Severity: Notice --> Undefined property: stdClass::$fname E:\xampp\htdocs\zgc-beta\application\views\theme\myaccount\order-history.php 63
ERROR - 2020-02-12 18:55:46 --> 404 Page Not Found: js
ERROR - 2020-02-12 18:55:46 --> 404 Page Not Found: js
ERROR - 2020-02-12 18:58:25 --> Severity: error --> Exception: syntax error, unexpected '[', expecting identifier (T_STRING) or variable (T_VARIABLE) or '{' or '$' E:\xampp\htdocs\zgc-beta\application\views\theme\myaccount\order-history.php 63
ERROR - 2020-02-12 19:00:08 --> Severity: Warning --> Illegal string offset 'fname' E:\xampp\htdocs\zgc-beta\application\views\theme\myaccount\order-history.php 63
ERROR - 2020-02-12 19:00:08 --> Severity: Notice --> Uninitialized string offset: 0 E:\xampp\htdocs\zgc-beta\application\views\theme\myaccount\order-history.php 63
ERROR - 2020-02-12 19:00:08 --> Severity: Warning --> Illegal string offset 'fname' E:\xampp\htdocs\zgc-beta\application\views\theme\myaccount\order-history.php 63
ERROR - 2020-02-12 19:00:08 --> Severity: Notice --> Uninitialized string offset: 0 E:\xampp\htdocs\zgc-beta\application\views\theme\myaccount\order-history.php 63
ERROR - 2020-02-12 19:00:08 --> Severity: Warning --> Illegal string offset 'fname' E:\xampp\htdocs\zgc-beta\application\views\theme\myaccount\order-history.php 63
ERROR - 2020-02-12 19:00:08 --> Severity: Notice --> Uninitialized string offset: 0 E:\xampp\htdocs\zgc-beta\application\views\theme\myaccount\order-history.php 63
ERROR - 2020-02-12 19:00:08 --> Severity: Warning --> Illegal string offset 'fname' E:\xampp\htdocs\zgc-beta\application\views\theme\myaccount\order-history.php 63
ERROR - 2020-02-12 19:00:08 --> Severity: Warning --> Illegal string offset 'fname' E:\xampp\htdocs\zgc-beta\application\views\theme\myaccount\order-history.php 63
ERROR - 2020-02-12 19:00:09 --> 404 Page Not Found: js
ERROR - 2020-02-12 19:00:10 --> 404 Page Not Found: js
ERROR - 2020-02-12 19:02:23 --> Severity: Warning --> Illegal string offset 'fname' E:\xampp\htdocs\zgc-beta\application\views\theme\myaccount\order-history.php 63
ERROR - 2020-02-12 19:02:23 --> Severity: Notice --> Uninitialized string offset: 0 E:\xampp\htdocs\zgc-beta\application\views\theme\myaccount\order-history.php 63
ERROR - 2020-02-12 19:02:23 --> Severity: Warning --> Illegal string offset 'fname' E:\xampp\htdocs\zgc-beta\application\views\theme\myaccount\order-history.php 63
ERROR - 2020-02-12 19:02:23 --> Severity: Notice --> Uninitialized string offset: 0 E:\xampp\htdocs\zgc-beta\application\views\theme\myaccount\order-history.php 63
ERROR - 2020-02-12 19:02:23 --> Severity: Warning --> Illegal string offset 'fname' E:\xampp\htdocs\zgc-beta\application\views\theme\myaccount\order-history.php 63
ERROR - 2020-02-12 19:02:23 --> Severity: Notice --> Uninitialized string offset: 0 E:\xampp\htdocs\zgc-beta\application\views\theme\myaccount\order-history.php 63
ERROR - 2020-02-12 19:02:23 --> Severity: Warning --> Illegal string offset 'fname' E:\xampp\htdocs\zgc-beta\application\views\theme\myaccount\order-history.php 63
ERROR - 2020-02-12 19:02:23 --> Severity: Warning --> Illegal string offset 'fname' E:\xampp\htdocs\zgc-beta\application\views\theme\myaccount\order-history.php 63
ERROR - 2020-02-12 19:02:24 --> 404 Page Not Found: js
ERROR - 2020-02-12 19:02:24 --> 404 Page Not Found: js
ERROR - 2020-02-12 19:05:43 --> 404 Page Not Found: js
ERROR - 2020-02-12 19:05:43 --> 404 Page Not Found: js
ERROR - 2020-02-12 19:33:25 --> 404 Page Not Found: assets
ERROR - 2020-02-12 19:33:25 --> 404 Page Not Found: js
ERROR - 2020-02-12 19:33:25 --> 404 Page Not Found: assets
ERROR - 2020-02-12 19:33:25 --> 404 Page Not Found: js
ERROR - 2020-02-12 19:33:29 --> Severity: Notice --> Undefined offset: 0 E:\xampp\htdocs\zgc-beta\application\models\Basic.php 232
ERROR - 2020-02-12 19:33:35 --> Severity: Notice --> Trying to get property 'payment_method' of non-object E:\xampp\htdocs\zgc-beta\application\views\theme\myaccount\admin\order\overview.php 37
ERROR - 2020-02-12 19:33:35 --> Severity: Notice --> Trying to get property 'status' of non-object E:\xampp\htdocs\zgc-beta\application\views\theme\myaccount\admin\order\overview.php 42
ERROR - 2020-02-12 19:33:35 --> Severity: Notice --> Trying to get property 'added_date' of non-object E:\xampp\htdocs\zgc-beta\application\views\theme\myaccount\admin\order\bottom_content.php 308
ERROR - 2020-02-12 19:33:35 --> Severity: Notice --> Trying to get property 'order_number' of non-object E:\xampp\htdocs\zgc-beta\application\views\theme\myaccount\admin\order\bottom_content.php 325
ERROR - 2020-02-12 19:33:35 --> Severity: Notice --> Trying to get property 'order_amount' of non-object E:\xampp\htdocs\zgc-beta\application\views\theme\myaccount\admin\order\bottom_content.php 326
ERROR - 2020-02-12 19:33:35 --> Severity: Notice --> Trying to get property 'broker_amount' of non-object E:\xampp\htdocs\zgc-beta\application\views\theme\myaccount\admin\order\bottom_content.php 327
ERROR - 2020-02-12 19:33:35 --> Severity: Notice --> Trying to get property 'user_id' of non-object E:\xampp\htdocs\zgc-beta\application\views\theme\myaccount\admin\order\bottom_content.php 329
ERROR - 2020-02-12 19:33:36 --> Severity: Notice --> Trying to get property 'product_name' of non-object E:\xampp\htdocs\zgc-beta\application\views\theme\myaccount\admin\order\bottom_content.php 330
ERROR - 2020-02-12 19:33:36 --> Severity: Notice --> Trying to get property 'order_id' of non-object E:\xampp\htdocs\zgc-beta\application\views\theme\myaccount\admin\order\bottom_content.php 332
ERROR - 2020-02-12 19:33:36 --> Severity: Notice --> Trying to get property 'order_id' of non-object E:\xampp\htdocs\zgc-beta\application\views\theme\myaccount\admin\order\bottom_content.php 472
ERROR - 2020-02-12 19:33:36 --> Severity: Notice --> Trying to get property 'product_id' of non-object E:\xampp\htdocs\zgc-beta\application\views\theme\myaccount\admin\order\bottom_content.php 472
ERROR - 2020-02-12 19:33:36 --> Severity: Notice --> Trying to get property 'user_id' of non-object E:\xampp\htdocs\zgc-beta\application\views\theme\myaccount\admin\order\bottom_content.php 855
ERROR - 2020-02-12 19:33:49 --> 404 Page Not Found: assets
ERROR - 2020-02-12 19:33:49 --> 404 Page Not Found: js
ERROR - 2020-02-12 19:33:49 --> 404 Page Not Found: assets
ERROR - 2020-02-12 19:33:49 --> 404 Page Not Found: js
ERROR - 2020-02-12 19:38:42 --> Severity: Notice --> Trying to get property 'user_id' of non-object E:\xampp\htdocs\zgc-beta\application\views\theme\myaccount\order-history.php 58
ERROR - 2020-02-12 19:38:42 --> Severity: Notice --> Undefined offset: 0 E:\xampp\htdocs\zgc-beta\application\views\theme\myaccount\order-history.php 59
ERROR - 2020-02-12 19:38:42 --> Severity: Notice --> Trying to get property 'parent_user_id' of non-object E:\xampp\htdocs\zgc-beta\application\views\theme\myaccount\order-history.php 61
ERROR - 2020-02-12 19:38:43 --> Severity: Notice --> Trying to get property 'parent_user_id' of non-object E:\xampp\htdocs\zgc-beta\application\views\theme\myaccount\order-history.php 63
ERROR - 2020-02-12 19:38:43 --> Severity: Notice --> Trying to get property 'parent_user_id' of non-object E:\xampp\htdocs\zgc-beta\application\views\theme\myaccount\order-history.php 64
ERROR - 2020-02-12 19:38:43 --> Severity: Notice --> Trying to get property 'user_id' of non-object E:\xampp\htdocs\zgc-beta\application\views\theme\myaccount\order-history.php 58
ERROR - 2020-02-12 19:38:43 --> Severity: Notice --> Undefined offset: 0 E:\xampp\htdocs\zgc-beta\application\views\theme\myaccount\order-history.php 59
ERROR - 2020-02-12 19:38:43 --> Severity: Notice --> Trying to get property 'parent_user_id' of non-object E:\xampp\htdocs\zgc-beta\application\views\theme\myaccount\order-history.php 61
ERROR - 2020-02-12 19:38:44 --> Severity: Notice --> Trying to get property 'parent_user_id' of non-object E:\xampp\htdocs\zgc-beta\application\views\theme\myaccount\order-history.php 63
ERROR - 2020-02-12 19:38:44 --> Severity: Notice --> Trying to get property 'parent_user_id' of non-object E:\xampp\htdocs\zgc-beta\application\views\theme\myaccount\order-history.php 64
ERROR - 2020-02-12 19:38:44 --> Severity: Notice --> Trying to get property 'user_id' of non-object E:\xampp\htdocs\zgc-beta\application\views\theme\myaccount\order-history.php 58
ERROR - 2020-02-12 19:38:45 --> Severity: Notice --> Undefined offset: 0 E:\xampp\htdocs\zgc-beta\application\views\theme\myaccount\order-history.php 59
ERROR - 2020-02-12 19:38:45 --> Severity: Notice --> Trying to get property 'parent_user_id' of non-object E:\xampp\htdocs\zgc-beta\application\views\theme\myaccount\order-history.php 61
ERROR - 2020-02-12 19:38:45 --> Severity: Notice --> Trying to get property 'parent_user_id' of non-object E:\xampp\htdocs\zgc-beta\application\views\theme\myaccount\order-history.php 63
ERROR - 2020-02-12 19:38:45 --> Severity: Notice --> Trying to get property 'parent_user_id' of non-object E:\xampp\htdocs\zgc-beta\application\views\theme\myaccount\order-history.php 64
ERROR - 2020-02-12 19:38:45 --> Severity: Notice --> Trying to get property 'user_id' of non-object E:\xampp\htdocs\zgc-beta\application\views\theme\myaccount\order-history.php 58
ERROR - 2020-02-12 19:38:46 --> Severity: Notice --> Undefined offset: 0 E:\xampp\htdocs\zgc-beta\application\views\theme\myaccount\order-history.php 59
ERROR - 2020-02-12 19:38:46 --> Severity: Notice --> Trying to get property 'parent_user_id' of non-object E:\xampp\htdocs\zgc-beta\application\views\theme\myaccount\order-history.php 61
ERROR - 2020-02-12 19:38:46 --> Severity: Notice --> Trying to get property 'parent_user_id' of non-object E:\xampp\htdocs\zgc-beta\application\views\theme\myaccount\order-history.php 63
ERROR - 2020-02-12 19:38:46 --> Severity: Notice --> Trying to get property 'parent_user_id' of non-object E:\xampp\htdocs\zgc-beta\application\views\theme\myaccount\order-history.php 64
ERROR - 2020-02-12 19:38:47 --> Severity: Notice --> Trying to get property 'user_id' of non-object E:\xampp\htdocs\zgc-beta\application\views\theme\myaccount\order-history.php 58
ERROR - 2020-02-12 19:38:47 --> Severity: Notice --> Undefined offset: 0 E:\xampp\htdocs\zgc-beta\application\views\theme\myaccount\order-history.php 59
ERROR - 2020-02-12 19:38:47 --> Severity: Notice --> Trying to get property 'parent_user_id' of non-object E:\xampp\htdocs\zgc-beta\application\views\theme\myaccount\order-history.php 61
ERROR - 2020-02-12 19:38:47 --> Severity: Notice --> Trying to get property 'parent_user_id' of non-object E:\xampp\htdocs\zgc-beta\application\views\theme\myaccount\order-history.php 63
ERROR - 2020-02-12 19:38:47 --> Severity: Notice --> Trying to get property 'parent_user_id' of non-object E:\xampp\htdocs\zgc-beta\application\views\theme\myaccount\order-history.php 64
ERROR - 2020-02-12 19:38:48 --> 404 Page Not Found: js
ERROR - 2020-02-12 19:38:49 --> 404 Page Not Found: js
ERROR - 2020-02-12 19:39:57 --> Severity: Notice --> Trying to get property 'user_id' of non-object E:\xampp\htdocs\zgc-beta\application\views\theme\myaccount\order-history.php 58
ERROR - 2020-02-12 19:39:57 --> Severity: Notice --> Undefined offset: 0 E:\xampp\htdocs\zgc-beta\application\views\theme\myaccount\order-history.php 59
ERROR - 2020-02-12 19:39:57 --> Severity: Notice --> Trying to get property 'parent_user_id' of non-object E:\xampp\htdocs\zgc-beta\application\views\theme\myaccount\order-history.php 61
ERROR - 2020-02-12 19:39:57 --> Severity: Notice --> Trying to get property 'parent_user_id' of non-object E:\xampp\htdocs\zgc-beta\application\views\theme\myaccount\order-history.php 63
ERROR - 2020-02-12 19:39:58 --> Severity: Notice --> Trying to get property 'parent_user_id' of non-object E:\xampp\htdocs\zgc-beta\application\views\theme\myaccount\order-history.php 64
ERROR - 2020-02-12 19:39:58 --> Severity: Notice --> Trying to get property 'user_id' of non-object E:\xampp\htdocs\zgc-beta\application\views\theme\myaccount\order-history.php 71
ERROR - 2020-02-12 19:39:58 --> Severity: Notice --> Trying to get property 'user_id' of non-object E:\xampp\htdocs\zgc-beta\application\views\theme\myaccount\order-history.php 58
ERROR - 2020-02-12 19:39:59 --> Severity: Notice --> Undefined offset: 0 E:\xampp\htdocs\zgc-beta\application\views\theme\myaccount\order-history.php 59
ERROR - 2020-02-12 19:39:59 --> Severity: Notice --> Trying to get property 'parent_user_id' of non-object E:\xampp\htdocs\zgc-beta\application\views\theme\myaccount\order-history.php 61
ERROR - 2020-02-12 19:39:59 --> Severity: Notice --> Trying to get property 'parent_user_id' of non-object E:\xampp\htdocs\zgc-beta\application\views\theme\myaccount\order-history.php 63
ERROR - 2020-02-12 19:39:59 --> Severity: Notice --> Trying to get property 'parent_user_id' of non-object E:\xampp\htdocs\zgc-beta\application\views\theme\myaccount\order-history.php 64
ERROR - 2020-02-12 19:39:59 --> Severity: Notice --> Trying to get property 'user_id' of non-object E:\xampp\htdocs\zgc-beta\application\views\theme\myaccount\order-history.php 71
ERROR - 2020-02-12 19:40:00 --> Severity: Notice --> Trying to get property 'user_id' of non-object E:\xampp\htdocs\zgc-beta\application\views\theme\myaccount\order-history.php 58
ERROR - 2020-02-12 19:40:00 --> Severity: Notice --> Undefined offset: 0 E:\xampp\htdocs\zgc-beta\application\views\theme\myaccount\order-history.php 59
ERROR - 2020-02-12 19:40:00 --> Severity: Notice --> Trying to get property 'parent_user_id' of non-object E:\xampp\htdocs\zgc-beta\application\views\theme\myaccount\order-history.php 61
ERROR - 2020-02-12 19:40:00 --> Severity: Notice --> Trying to get property 'parent_user_id' of non-object E:\xampp\htdocs\zgc-beta\application\views\theme\myaccount\order-history.php 63
ERROR - 2020-02-12 19:40:01 --> Severity: Notice --> Trying to get property 'parent_user_id' of non-object E:\xampp\htdocs\zgc-beta\application\views\theme\myaccount\order-history.php 64
ERROR - 2020-02-12 19:40:01 --> Severity: Notice --> Trying to get property 'user_id' of non-object E:\xampp\htdocs\zgc-beta\application\views\theme\myaccount\order-history.php 71
ERROR - 2020-02-12 19:40:01 --> Severity: Notice --> Trying to get property 'user_id' of non-object E:\xampp\htdocs\zgc-beta\application\views\theme\myaccount\order-history.php 58
ERROR - 2020-02-12 19:40:01 --> Severity: Notice --> Undefined offset: 0 E:\xampp\htdocs\zgc-beta\application\views\theme\myaccount\order-history.php 59
ERROR - 2020-02-12 19:40:01 --> Severity: Notice --> Trying to get property 'parent_user_id' of non-object E:\xampp\htdocs\zgc-beta\application\views\theme\myaccount\order-history.php 61
ERROR - 2020-02-12 19:40:02 --> Severity: Notice --> Trying to get property 'parent_user_id' of non-object E:\xampp\htdocs\zgc-beta\application\views\theme\myaccount\order-history.php 63
ERROR - 2020-02-12 19:40:02 --> Severity: Notice --> Trying to get property 'parent_user_id' of non-object E:\xampp\htdocs\zgc-beta\application\views\theme\myaccount\order-history.php 64
ERROR - 2020-02-12 19:40:02 --> Severity: Notice --> Trying to get property 'user_id' of non-object E:\xampp\htdocs\zgc-beta\application\views\theme\myaccount\order-history.php 71
ERROR - 2020-02-12 19:40:03 --> Severity: Notice --> Trying to get property 'user_id' of non-object E:\xampp\htdocs\zgc-beta\application\views\theme\myaccount\order-history.php 58
ERROR - 2020-02-12 19:40:03 --> Severity: Notice --> Undefined offset: 0 E:\xampp\htdocs\zgc-beta\application\views\theme\myaccount\order-history.php 59
ERROR - 2020-02-12 19:40:03 --> Severity: Notice --> Trying to get property 'parent_user_id' of non-object E:\xampp\htdocs\zgc-beta\application\views\theme\myaccount\order-history.php 61
ERROR - 2020-02-12 19:40:03 --> Severity: Notice --> Trying to get property 'parent_user_id' of non-object E:\xampp\htdocs\zgc-beta\application\views\theme\myaccount\order-history.php 63
ERROR - 2020-02-12 19:40:03 --> Severity: Notice --> Trying to get property 'parent_user_id' of non-object E:\xampp\htdocs\zgc-beta\application\views\theme\myaccount\order-history.php 64
ERROR - 2020-02-12 19:40:04 --> Severity: Notice --> Trying to get property 'user_id' of non-object E:\xampp\htdocs\zgc-beta\application\views\theme\myaccount\order-history.php 71
ERROR - 2020-02-12 19:40:04 --> 404 Page Not Found: js
ERROR - 2020-02-12 19:40:05 --> 404 Page Not Found: js
ERROR - 2020-02-12 19:43:57 --> Severity: Notice --> Trying to get property 'user_id' of non-object E:\xampp\htdocs\zgc-beta\application\controllers\Projects.php 80
ERROR - 2020-02-12 19:43:57 --> Severity: Notice --> Undefined offset: 0 E:\xampp\htdocs\zgc-beta\application\controllers\Projects.php 81
ERROR - 2020-02-12 19:43:57 --> Severity: Notice --> Trying to get property 'parent_user_id' of non-object E:\xampp\htdocs\zgc-beta\application\controllers\Projects.php 83
ERROR - 2020-02-12 19:43:58 --> Severity: Notice --> Trying to get property 'parent_user_id' of non-object E:\xampp\htdocs\zgc-beta\application\controllers\Projects.php 85
ERROR - 2020-02-12 19:43:58 --> Severity: Notice --> Trying to get property 'parent_user_id' of non-object E:\xampp\htdocs\zgc-beta\application\controllers\Projects.php 86
ERROR - 2020-02-12 19:43:59 --> Severity: Notice --> Trying to get property 'user_id' of non-object E:\xampp\htdocs\zgc-beta\application\views\theme\myaccount\order-history.php 63
ERROR - 2020-02-12 19:43:59 --> Severity: Notice --> Trying to get property 'user_id' of non-object E:\xampp\htdocs\zgc-beta\application\views\theme\myaccount\order-history.php 63
ERROR - 2020-02-12 19:44:00 --> Severity: Notice --> Trying to get property 'user_id' of non-object E:\xampp\htdocs\zgc-beta\application\views\theme\myaccount\order-history.php 63
ERROR - 2020-02-12 19:44:00 --> Severity: Notice --> Trying to get property 'user_id' of non-object E:\xampp\htdocs\zgc-beta\application\views\theme\myaccount\order-history.php 63
ERROR - 2020-02-12 19:44:00 --> Severity: Notice --> Trying to get property 'user_id' of non-object E:\xampp\htdocs\zgc-beta\application\views\theme\myaccount\order-history.php 63
ERROR - 2020-02-12 19:44:01 --> 404 Page Not Found: js
ERROR - 2020-02-12 19:44:02 --> 404 Page Not Found: js
ERROR - 2020-02-12 19:47:26 --> 404 Page Not Found: js
ERROR - 2020-02-12 19:47:26 --> 404 Page Not Found: js
ERROR - 2020-02-12 19:54:23 --> 404 Page Not Found: js
ERROR - 2020-02-12 19:54:23 --> 404 Page Not Found: js
ERROR - 2020-02-12 19:55:06 --> 404 Page Not Found: js
ERROR - 2020-02-12 19:55:07 --> 404 Page Not Found: js
ERROR - 2020-02-12 19:55:43 --> 404 Page Not Found: assets
ERROR - 2020-02-12 19:55:43 --> 404 Page Not Found: assets
ERROR - 2020-02-12 19:55:43 --> 404 Page Not Found: js
ERROR - 2020-02-12 19:55:44 --> 404 Page Not Found: js
ERROR - 2020-02-12 19:55:47 --> Severity: Notice --> Undefined offset: 0 E:\xampp\htdocs\zgc-beta\application\models\Basic.php 232
ERROR - 2020-02-12 19:55:53 --> Severity: Notice --> Trying to get property 'payment_method' of non-object E:\xampp\htdocs\zgc-beta\application\views\theme\myaccount\admin\order\overview.php 37
ERROR - 2020-02-12 19:55:53 --> Severity: Notice --> Trying to get property 'status' of non-object E:\xampp\htdocs\zgc-beta\application\views\theme\myaccount\admin\order\overview.php 42
ERROR - 2020-02-12 19:55:53 --> Severity: Notice --> Trying to get property 'added_date' of non-object E:\xampp\htdocs\zgc-beta\application\views\theme\myaccount\admin\order\bottom_content.php 308
ERROR - 2020-02-12 19:55:53 --> Severity: Notice --> Trying to get property 'order_number' of non-object E:\xampp\htdocs\zgc-beta\application\views\theme\myaccount\admin\order\bottom_content.php 325
ERROR - 2020-02-12 19:55:53 --> Severity: Notice --> Trying to get property 'order_amount' of non-object E:\xampp\htdocs\zgc-beta\application\views\theme\myaccount\admin\order\bottom_content.php 326
ERROR - 2020-02-12 19:55:53 --> Severity: Notice --> Trying to get property 'broker_amount' of non-object E:\xampp\htdocs\zgc-beta\application\views\theme\myaccount\admin\order\bottom_content.php 327
ERROR - 2020-02-12 19:55:53 --> Severity: Notice --> Trying to get property 'user_id' of non-object E:\xampp\htdocs\zgc-beta\application\views\theme\myaccount\admin\order\bottom_content.php 329
ERROR - 2020-02-12 19:55:54 --> Severity: Notice --> Trying to get property 'product_name' of non-object E:\xampp\htdocs\zgc-beta\application\views\theme\myaccount\admin\order\bottom_content.php 330
ERROR - 2020-02-12 19:55:54 --> Severity: Notice --> Trying to get property 'order_id' of non-object E:\xampp\htdocs\zgc-beta\application\views\theme\myaccount\admin\order\bottom_content.php 332
ERROR - 2020-02-12 19:55:54 --> Severity: Notice --> Trying to get property 'order_id' of non-object E:\xampp\htdocs\zgc-beta\application\views\theme\myaccount\admin\order\bottom_content.php 472
ERROR - 2020-02-12 19:55:54 --> Severity: Notice --> Trying to get property 'product_id' of non-object E:\xampp\htdocs\zgc-beta\application\views\theme\myaccount\admin\order\bottom_content.php 472
ERROR - 2020-02-12 19:55:54 --> Severity: Notice --> Trying to get property 'user_id' of non-object E:\xampp\htdocs\zgc-beta\application\views\theme\myaccount\admin\order\bottom_content.php 855
ERROR - 2020-02-12 19:56:05 --> 404 Page Not Found: assets
ERROR - 2020-02-12 19:56:05 --> 404 Page Not Found: js
ERROR - 2020-02-12 19:56:05 --> 404 Page Not Found: assets
ERROR - 2020-02-12 19:56:05 --> 404 Page Not Found: js
ERROR - 2020-02-12 20:08:05 --> Query error: Column 'status' in where clause is ambiguous - Invalid query: SELECT *
FROM `orders`
JOIN `order_items_detail` ON `orders`.`order_id`=`order_items_detail`.`order_id`
JOIN `user_details` ON `orders`.`user_id`=`user_details`.`user_id`
JOIN `users` ON `orders`.`user_id`=`users`.`id`
WHERE `is_delete` <> 2
AND `status` > 0
ORDER BY `orders`.`order_id` DESC
ERROR - 2020-02-12 20:08:13 --> Query error: Column 'status' in where clause is ambiguous - Invalid query: SELECT *
FROM `orders`
JOIN `order_items_detail` ON `orders`.`order_id`=`order_items_detail`.`order_id`
JOIN `user_details` ON `orders`.`user_id`=`user_details`.`user_id`
JOIN `users` ON `orders`.`user_id`=`users`.`id`
WHERE `is_delete` <> 2
AND `status` > 0
ORDER BY `orders`.`order_id` DESC
ERROR - 2020-02-12 20:09:33 --> 404 Page Not Found: js
ERROR - 2020-02-12 20:09:33 --> 404 Page Not Found: js
ERROR - 2020-02-12 20:11:55 --> Query error: Column 'status' in where clause is ambiguous - Invalid query: SELECT *
FROM `orders`
JOIN `order_items_detail` ON `orders`.`order_id`=`order_items_detail`.`order_id`
JOIN `user_details` ON `orders`.`user_id`=`user_details`.`user_id`
JOIN `users` ON `orders`.`user_id`=`users`.`parent_user_id`
WHERE `is_delete` <> 2
AND `status` > 0
ORDER BY `orders`.`order_id` DESC
ERROR - 2020-02-12 20:19:13 --> Query error: Column 'status' in where clause is ambiguous - Invalid query: SELECT *
FROM `orders`
JOIN `order_items_detail` ON `orders`.`order_id`=`order_items_detail`.`order_id`
JOIN `user_details` ON `orders`.`user_id`=`user_details`.`user_id`
JOIN `users` ON `orders`.`user_id`=`users`.`user_id`
WHERE `is_delete` <> 2
AND `status` > 0
ORDER BY `orders`.`order_id` DESC
ERROR - 2020-02-12 20:19:55 --> 404 Page Not Found: js
ERROR - 2020-02-12 20:19:55 --> 404 Page Not Found: js
ERROR - 2020-02-12 20:32:44 --> Severity: Notice --> Trying to get property 'first_name' of non-object E:\xampp\htdocs\zgc-beta\application\views\theme\myaccount\order-history.php 65
ERROR - 2020-02-12 20:32:45 --> Severity: Notice --> Trying to get property 'first_name' of non-object E:\xampp\htdocs\zgc-beta\application\views\theme\myaccount\order-history.php 65
ERROR - 2020-02-12 20:32:45 --> Severity: Notice --> Trying to get property 'first_name' of non-object E:\xampp\htdocs\zgc-beta\application\views\theme\myaccount\order-history.php 65
ERROR - 2020-02-12 20:32:45 --> Severity: Notice --> Trying to get property 'first_name' of non-object E:\xampp\htdocs\zgc-beta\application\views\theme\myaccount\order-history.php 65
ERROR - 2020-02-12 20:32:45 --> Severity: Notice --> Trying to get property 'first_name' of non-object E:\xampp\htdocs\zgc-beta\application\views\theme\myaccount\order-history.php 65
ERROR - 2020-02-12 20:32:46 --> 404 Page Not Found: js
ERROR - 2020-02-12 20:32:46 --> 404 Page Not Found: js
ERROR - 2020-02-12 20:33:40 --> Severity: Notice --> Trying to get property 'first_name' of non-object E:\xampp\htdocs\zgc-beta\application\views\theme\myaccount\order-history.php 66
ERROR - 2020-02-12 20:33:41 --> Severity: Notice --> Trying to get property 'first_name' of non-object E:\xampp\htdocs\zgc-beta\application\views\theme\myaccount\order-history.php 66
ERROR - 2020-02-12 20:33:41 --> Severity: Notice --> Trying to get property 'first_name' of non-object E:\xampp\htdocs\zgc-beta\application\views\theme\myaccount\order-history.php 66
ERROR - 2020-02-12 20:33:41 --> Severity: Notice --> Trying to get property 'first_name' of non-object E:\xampp\htdocs\zgc-beta\application\views\theme\myaccount\order-history.php 66
ERROR - 2020-02-12 20:33:42 --> Severity: Notice --> Trying to get property 'first_name' of non-object E:\xampp\htdocs\zgc-beta\application\views\theme\myaccount\order-history.php 66
ERROR - 2020-02-12 20:33:42 --> 404 Page Not Found: js
ERROR - 2020-02-12 20:33:42 --> 404 Page Not Found: js
ERROR - 2020-02-12 20:36:11 --> Severity: Notice --> Trying to get property 'first' of non-object E:\xampp\htdocs\zgc-beta\application\views\theme\myaccount\order-history.php 66
ERROR - 2020-02-12 20:36:11 --> Severity: Warning --> Use of undefined constant name - assumed 'name' (this will throw an Error in a future version of PHP) E:\xampp\htdocs\zgc-beta\application\views\theme\myaccount\order-history.php 66
ERROR - 2020-02-12 20:36:11 --> Severity: Warning --> A non-numeric value encountered E:\xampp\htdocs\zgc-beta\application\views\theme\myaccount\order-history.php 66
ERROR - 2020-02-12 20:36:12 --> Severity: Notice --> Trying to get property 'first' of non-object E:\xampp\htdocs\zgc-beta\application\views\theme\myaccount\order-history.php 66
ERROR - 2020-02-12 20:36:12 --> Severity: Warning --> Use of undefined constant name - assumed 'name' (this will throw an Error in a future version of PHP) E:\xampp\htdocs\zgc-beta\application\views\theme\myaccount\order-history.php 66
ERROR - 2020-02-12 20:36:12 --> Severity: Warning --> A non-numeric value encountered E:\xampp\htdocs\zgc-beta\application\views\theme\myaccount\order-history.php 66
ERROR - 2020-02-12 20:36:12 --> Severity: Notice --> Trying to get property 'first' of non-object E:\xampp\htdocs\zgc-beta\application\views\theme\myaccount\order-history.php 66
ERROR - 2020-02-12 20:36:12 --> Severity: Warning --> Use of undefined constant name - assumed 'name' (this will throw an Error in a future version of PHP) E:\xampp\htdocs\zgc-beta\application\views\theme\myaccount\order-history.php 66
ERROR - 2020-02-12 20:36:12 --> Severity: Warning --> A non-numeric value encountered E:\xampp\htdocs\zgc-beta\application\views\theme\myaccount\order-history.php 66
ERROR - 2020-02-12 20:36:12 --> Severity: Notice --> Trying to get property 'first' of non-object E:\xampp\htdocs\zgc-beta\application\views\theme\myaccount\order-history.php 66
ERROR - 2020-02-12 20:36:12 --> Severity: Warning --> Use of undefined constant name - assumed 'name' (this will throw an Error in a future version of PHP) E:\xampp\htdocs\zgc-beta\application\views\theme\myaccount\order-history.php 66
ERROR - 2020-02-12 20:36:12 --> Severity: Warning --> A non-numeric value encountered E:\xampp\htdocs\zgc-beta\application\views\theme\myaccount\order-history.php 66
ERROR - 2020-02-12 20:36:12 --> Severity: Notice --> Trying to get property 'first' of non-object E:\xampp\htdocs\zgc-beta\application\views\theme\myaccount\order-history.php 66
ERROR - 2020-02-12 20:36:12 --> Severity: Warning --> Use of undefined constant name - assumed 'name' (this will throw an Error in a future version of PHP) E:\xampp\htdocs\zgc-beta\application\views\theme\myaccount\order-history.php 66
ERROR - 2020-02-12 20:36:12 --> Severity: Warning --> A non-numeric value encountered E:\xampp\htdocs\zgc-beta\application\views\theme\myaccount\order-history.php 66
ERROR - 2020-02-12 20:36:13 --> 404 Page Not Found: js
ERROR - 2020-02-12 20:36:13 --> 404 Page Not Found: js
ERROR - 2020-02-12 20:36:51 --> Severity: error --> Exception: syntax error, unexpected '=>' (T_DOUBLE_ARROW), expecting ',' or ';' E:\xampp\htdocs\zgc-beta\application\views\theme\myaccount\order-history.php 66
ERROR - 2020-02-12 20:37:28 --> 404 Page Not Found: js
ERROR - 2020-02-12 20:37:28 --> 404 Page Not Found: js
ERROR - 2020-02-12 20:38:26 --> 404 Page Not Found: js
ERROR - 2020-02-12 20:38:26 --> 404 Page Not Found: js
ERROR - 2020-02-12 20:39:59 --> 404 Page Not Found: js
ERROR - 2020-02-12 20:40:00 --> 404 Page Not Found: js
ERROR - 2020-02-12 20:47:22 --> Query error: Column 'status' in where clause is ambiguous - Invalid query: SELECT *
FROM `orders`
JOIN `order_items_detail` ON `orders`.`order_id`=`order_items_detail`.`order_id`
JOIN `users` ON `orders`.`user_id`=`users`.`id`
WHERE `is_delete` <> 2
AND `status` > 0
ORDER BY `orders`.`order_id` DESC
ERROR - 2020-02-12 20:48:56 --> 404 Page Not Found: js
ERROR - 2020-02-12 20:48:56 --> 404 Page Not Found: js
ERROR - 2020-02-12 21:03:49 --> Severity: Notice --> Undefined index: user-name E:\xampp\htdocs\zgc-beta\application\views\theme\myaccount\order-history.php 69
ERROR - 2020-02-12 21:03:49 --> Severity: Notice --> Undefined index: password E:\xampp\htdocs\zgc-beta\application\views\theme\myaccount\order-history.php 70
ERROR - 2020-02-12 21:03:49 --> Severity: Notice --> Undefined index: user-name E:\xampp\htdocs\zgc-beta\application\views\theme\myaccount\order-history.php 69
ERROR - 2020-02-12 21:03:49 --> Severity: Notice --> Undefined index: password E:\xampp\htdocs\zgc-beta\application\views\theme\myaccount\order-history.php 70
ERROR - 2020-02-12 21:03:49 --> Severity: Notice --> Undefined index: user-name E:\xampp\htdocs\zgc-beta\application\views\theme\myaccount\order-history.php 69
ERROR - 2020-02-12 21:03:49 --> Severity: Notice --> Undefined index: password E:\xampp\htdocs\zgc-beta\application\views\theme\myaccount\order-history.php 70
ERROR - 2020-02-12 21:03:50 --> Severity: Notice --> Undefined index: user-name E:\xampp\htdocs\zgc-beta\application\views\theme\myaccount\order-history.php 69
ERROR - 2020-02-12 21:03:50 --> Severity: Notice --> Undefined index: password E:\xampp\htdocs\zgc-beta\application\views\theme\myaccount\order-history.php 70
ERROR - 2020-02-12 21:03:50 --> Severity: Notice --> Undefined index: user-name E:\xampp\htdocs\zgc-beta\application\views\theme\myaccount\order-history.php 69
ERROR - 2020-02-12 21:03:50 --> Severity: Notice --> Undefined index: password E:\xampp\htdocs\zgc-beta\application\views\theme\myaccount\order-history.php 70
ERROR - 2020-02-12 21:03:51 --> 404 Page Not Found: js
ERROR - 2020-02-12 21:03:51 --> 404 Page Not Found: js
ERROR - 2020-02-12 21:08:16 --> Severity: Notice --> Undefined index: user-name E:\xampp\htdocs\zgc-beta\application\views\theme\myaccount\order-history.php 69
ERROR - 2020-02-12 21:08:16 --> Severity: Notice --> Undefined index: password E:\xampp\htdocs\zgc-beta\application\views\theme\myaccount\order-history.php 70
ERROR - 2020-02-12 21:08:16 --> Severity: Notice --> Undefined index: user-name E:\xampp\htdocs\zgc-beta\application\views\theme\myaccount\order-history.php 69
ERROR - 2020-02-12 21:08:16 --> Severity: Notice --> Undefined index: password E:\xampp\htdocs\zgc-beta\application\views\theme\myaccount\order-history.php 70
ERROR - 2020-02-12 21:08:16 --> Severity: Notice --> Undefined index: user-name E:\xampp\htdocs\zgc-beta\application\views\theme\myaccount\order-history.php 69
ERROR - 2020-02-12 21:08:16 --> Severity: Notice --> Undefined index: password E:\xampp\htdocs\zgc-beta\application\views\theme\myaccount\order-history.php 70
ERROR - 2020-02-12 21:08:17 --> Severity: Notice --> Undefined index: user-name E:\xampp\htdocs\zgc-beta\application\views\theme\myaccount\order-history.php 69
ERROR - 2020-02-12 21:08:17 --> Severity: Notice --> Undefined index: password E:\xampp\htdocs\zgc-beta\application\views\theme\myaccount\order-history.php 70
ERROR - 2020-02-12 21:08:17 --> Severity: Notice --> Undefined index: user-name E:\xampp\htdocs\zgc-beta\application\views\theme\myaccount\order-history.php 69
ERROR - 2020-02-12 21:08:17 --> Severity: Notice --> Undefined index: password E:\xampp\htdocs\zgc-beta\application\views\theme\myaccount\order-history.php 70
ERROR - 2020-02-12 21:08:17 --> 404 Page Not Found: js
ERROR - 2020-02-12 21:08:18 --> 404 Page Not Found: js
ERROR - 2020-02-12 21:11:11 --> Severity: Notice --> Undefined index: user-name E:\xampp\htdocs\zgc-beta\application\views\theme\myaccount\order-history.php 69
ERROR - 2020-02-12 21:11:11 --> Severity: Notice --> Undefined index: password E:\xampp\htdocs\zgc-beta\application\views\theme\myaccount\order-history.php 70
ERROR - 2020-02-12 21:11:12 --> Severity: Notice --> Undefined index: user-name E:\xampp\htdocs\zgc-beta\application\views\theme\myaccount\order-history.php 69
ERROR - 2020-02-12 21:11:12 --> Severity: Notice --> Undefined index: password E:\xampp\htdocs\zgc-beta\application\views\theme\myaccount\order-history.php 70
ERROR - 2020-02-12 21:11:12 --> Severity: Notice --> Undefined index: user-name E:\xampp\htdocs\zgc-beta\application\views\theme\myaccount\order-history.php 69
ERROR - 2020-02-12 21:11:12 --> Severity: Notice --> Undefined index: password E:\xampp\htdocs\zgc-beta\application\views\theme\myaccount\order-history.php 70
ERROR - 2020-02-12 21:11:12 --> Severity: Notice --> Undefined index: user-name E:\xampp\htdocs\zgc-beta\application\views\theme\myaccount\order-history.php 69
ERROR - 2020-02-12 21:11:12 --> Severity: Notice --> Undefined index: password E:\xampp\htdocs\zgc-beta\application\views\theme\myaccount\order-history.php 70
ERROR - 2020-02-12 21:11:12 --> Severity: Notice --> Undefined index: user-name E:\xampp\htdocs\zgc-beta\application\views\theme\myaccount\order-history.php 69
ERROR - 2020-02-12 21:11:12 --> Severity: Notice --> Undefined index: password E:\xampp\htdocs\zgc-beta\application\views\theme\myaccount\order-history.php 70
ERROR - 2020-02-12 21:11:18 --> Severity: Notice --> Undefined index: user-name E:\xampp\htdocs\zgc-beta\application\views\theme\myaccount\order-history.php 69
ERROR - 2020-02-12 21:11:18 --> Severity: Notice --> Undefined index: password E:\xampp\htdocs\zgc-beta\application\views\theme\myaccount\order-history.php 70
ERROR - 2020-02-12 21:11:18 --> Severity: Notice --> Undefined index: user-name E:\xampp\htdocs\zgc-beta\application\views\theme\myaccount\order-history.php 69
ERROR - 2020-02-12 21:11:18 --> Severity: Notice --> Undefined index: password E:\xampp\htdocs\zgc-beta\application\views\theme\myaccount\order-history.php 70
ERROR - 2020-02-12 21:11:19 --> Severity: Notice --> Undefined index: user-name E:\xampp\htdocs\zgc-beta\application\views\theme\myaccount\order-history.php 69
ERROR - 2020-02-12 21:11:19 --> Severity: Notice --> Undefined index: password E:\xampp\htdocs\zgc-beta\application\views\theme\myaccount\order-history.php 70
ERROR - 2020-02-12 21:11:19 --> Severity: Notice --> Undefined index: user-name E:\xampp\htdocs\zgc-beta\application\views\theme\myaccount\order-history.php 69
ERROR - 2020-02-12 21:11:19 --> Severity: Notice --> Undefined index: password E:\xampp\htdocs\zgc-beta\application\views\theme\myaccount\order-history.php 70
ERROR - 2020-02-12 21:11:19 --> Severity: Notice --> Undefined index: user-name E:\xampp\htdocs\zgc-beta\application\views\theme\myaccount\order-history.php 69
ERROR - 2020-02-12 21:11:19 --> Severity: Notice --> Undefined index: password E:\xampp\htdocs\zgc-beta\application\views\theme\myaccount\order-history.php 70
ERROR - 2020-02-12 21:11:20 --> 404 Page Not Found: js
ERROR - 2020-02-12 21:11:20 --> 404 Page Not Found: js
ERROR - 2020-02-12 21:14:14 --> Severity: Notice --> Undefined index: user-name E:\xampp\htdocs\zgc-beta\application\views\theme\myaccount\order-history.php 69
ERROR - 2020-02-12 21:14:14 --> Severity: Notice --> Undefined index: password E:\xampp\htdocs\zgc-beta\application\views\theme\myaccount\order-history.php 70
ERROR - 2020-02-12 21:14:14 --> Severity: Notice --> Undefined index: user-name E:\xampp\htdocs\zgc-beta\application\views\theme\myaccount\order-history.php 69
ERROR - 2020-02-12 21:14:14 --> Severity: Notice --> Undefined index: password E:\xampp\htdocs\zgc-beta\application\views\theme\myaccount\order-history.php 70
ERROR - 2020-02-12 21:14:14 --> Severity: Notice --> Undefined index: user-name E:\xampp\htdocs\zgc-beta\application\views\theme\myaccount\order-history.php 69
ERROR - 2020-02-12 21:14:14 --> Severity: Notice --> Undefined index: password E:\xampp\htdocs\zgc-beta\application\views\theme\myaccount\order-history.php 70
ERROR - 2020-02-12 21:14:15 --> Severity: Notice --> Undefined index: user-name E:\xampp\htdocs\zgc-beta\application\views\theme\myaccount\order-history.php 69
ERROR - 2020-02-12 21:14:15 --> Severity: Notice --> Undefined index: password E:\xampp\htdocs\zgc-beta\application\views\theme\myaccount\order-history.php 70
ERROR - 2020-02-12 21:14:15 --> Severity: Notice --> Undefined index: user-name E:\xampp\htdocs\zgc-beta\application\views\theme\myaccount\order-history.php 69
ERROR - 2020-02-12 21:14:15 --> Severity: Notice --> Undefined index: password E:\xampp\htdocs\zgc-beta\application\views\theme\myaccount\order-history.php 70
ERROR - 2020-02-12 21:14:15 --> 404 Page Not Found: js
ERROR - 2020-02-12 21:14:16 --> 404 Page Not Found: js
ERROR - 2020-02-12 21:29:56 --> 404 Page Not Found: js
ERROR - 2020-02-12 21:29:57 --> 404 Page Not Found: js
ERROR - 2020-02-12 22:00:34 --> 404 Page Not Found: js
ERROR - 2020-02-12 22:00:35 --> 404 Page Not Found: js
ERROR - 2020-02-12 22:07:14 --> 404 Page Not Found: js
ERROR - 2020-02-12 22:07:15 --> 404 Page Not Found: js
ERROR - 2020-02-12 22:13:46 --> Severity: error --> Exception: syntax error, unexpected ';' E:\xampp\htdocs\zgc-beta\application\views\theme\myaccount\order-history.php 64
ERROR - 2020-02-12 22:15:33 --> Severity: error --> Exception: syntax error, unexpected ';' E:\xampp\htdocs\zgc-beta\application\views\theme\myaccount\order-history.php 64
ERROR - 2020-02-12 22:16:55 --> 404 Page Not Found: js
ERROR - 2020-02-12 22:16:55 --> 404 Page Not Found: js
ERROR - 2020-02-12 22:46:49 --> Severity: Notice --> Trying to get property 'user_id' of non-object E:\xampp\htdocs\zgc-beta\application\views\theme\myaccount\order-history.php 56
ERROR - 2020-02-12 22:46:49 --> Severity: Notice --> Undefined offset: 0 E:\xampp\htdocs\zgc-beta\application\views\theme\myaccount\order-history.php 57
ERROR - 2020-02-12 22:46:51 --> 404 Page Not Found: js
ERROR - 2020-02-12 22:46:51 --> 404 Page Not Found: js
ERROR - 2020-02-12 22:48:08 --> Severity: 4096 --> Object of class stdClass could not be converted to string E:\xampp\htdocs\zgc-beta\application\views\theme\myaccount\order-history.php 60
ERROR - 2020-02-12 22:48:09 --> Severity: 4096 --> Object of class stdClass could not be converted to string E:\xampp\htdocs\zgc-beta\application\views\theme\myaccount\order-history.php 60
ERROR - 2020-02-12 22:48:09 --> Severity: 4096 --> Object of class stdClass could not be converted to string E:\xampp\htdocs\zgc-beta\application\views\theme\myaccount\order-history.php 60
ERROR - 2020-02-12 22:48:10 --> Severity: 4096 --> Object of class stdClass could not be converted to string E:\xampp\htdocs\zgc-beta\application\views\theme\myaccount\order-history.php 60
ERROR - 2020-02-12 22:48:10 --> Severity: 4096 --> Object of class stdClass could not be converted to string E:\xampp\htdocs\zgc-beta\application\views\theme\myaccount\order-history.php 60
ERROR - 2020-02-12 22:48:11 --> 404 Page Not Found: js
ERROR - 2020-02-12 22:48:11 --> 404 Page Not Found: js
ERROR - 2020-02-12 22:49:13 --> 404 Page Not Found: js
ERROR - 2020-02-12 22:49:14 --> 404 Page Not Found: js
ERROR - 2020-02-12 22:51:14 --> 404 Page Not Found: js
ERROR - 2020-02-12 22:51:15 --> 404 Page Not Found: js
ERROR - 2020-02-12 23:13:19 --> Severity: error --> Exception: Call to undefined function getClientInfo() E:\xampp\htdocs\zgc-beta\application\views\theme\myaccount\order-history.php 65
ERROR - 2020-02-12 23:14:49 --> Severity: error --> Exception: Call to undefined function getClientInfo() E:\xampp\htdocs\zgc-beta\application\views\theme\myaccount\order-history.php 65
ERROR - 2020-02-12 23:15:09 --> Severity: error --> Exception: Call to undefined function getClientInfo() E:\xampp\htdocs\zgc-beta\application\views\theme\myaccount\order-history.php 65
ERROR - 2020-02-12 23:16:41 --> Severity: error --> Exception: Call to undefined function getClientInfo() E:\xampp\htdocs\zgc-beta\application\views\theme\myaccount\order-history.php 67
ERROR - 2020-02-12 23:19:23 --> Severity: error --> Exception: Call to undefined function getClientInfo() E:\xampp\htdocs\zgc-beta\application\views\theme\myaccount\order-history.php 67
ERROR - 2020-02-12 23:19:34 --> Severity: error --> Exception: Call to undefined function getClientInfo() E:\xampp\htdocs\zgc-beta\application\views\theme\myaccount\order-history.php 67
ERROR - 2020-02-12 23:21:10 --> Severity: Warning --> Use of undefined constant client_details - assumed 'client_details' (this will throw an Error in a future version of PHP) E:\xampp\htdocs\zgc-beta\application\views\theme\myaccount\order-history.php 68
ERROR - 2020-02-12 23:21:11 --> Severity: Warning --> Use of undefined constant client_details - assumed 'client_details' (this will throw an Error in a future version of PHP) E:\xampp\htdocs\zgc-beta\application\views\theme\myaccount\order-history.php 68
ERROR - 2020-02-12 23:21:12 --> Severity: Warning --> Use of undefined constant client_details - assumed 'client_details' (this will throw an Error in a future version of PHP) E:\xampp\htdocs\zgc-beta\application\views\theme\myaccount\order-history.php 68
ERROR - 2020-02-12 23:21:13 --> Severity: Warning --> Use of undefined constant client_details - assumed 'client_details' (this will throw an Error in a future version of PHP) E:\xampp\htdocs\zgc-beta\application\views\theme\myaccount\order-history.php 68
ERROR - 2020-02-12 23:21:14 --> Severity: Warning --> Use of undefined constant client_details - assumed 'client_details' (this will throw an Error in a future version of PHP) E:\xampp\htdocs\zgc-beta\application\views\theme\myaccount\order-history.php 68
ERROR - 2020-02-12 23:21:15 --> 404 Page Not Found: js
ERROR - 2020-02-12 23:21:16 --> 404 Page Not Found: js
ERROR - 2020-02-12 23:22:15 --> 404 Page Not Found: js
ERROR - 2020-02-12 23:22:16 --> 404 Page Not Found: js
ERROR - 2020-02-12 23:24:17 --> Severity: error --> Exception: Cannot use object of type stdClass as array E:\xampp\htdocs\zgc-beta\application\views\theme\myaccount\order-history.php 89
ERROR - 2020-02-12 23:28:03 --> Severity: error --> Exception: Cannot use object of type stdClass as array E:\xampp\htdocs\zgc-beta\application\views\theme\myaccount\order-history.php 89
ERROR - 2020-02-12 23:28:58 --> Severity: error --> Exception: Cannot use object of type stdClass as array E:\xampp\htdocs\zgc-beta\application\views\theme\myaccount\order-history.php 89
ERROR - 2020-02-12 23:29:12 --> Severity: error --> Exception: Cannot use object of type stdClass as array E:\xampp\htdocs\zgc-beta\application\views\theme\myaccount\order-history.php 89
ERROR - 2020-02-12 23:29:47 --> 404 Page Not Found: js
ERROR - 2020-02-12 23:29:47 --> 404 Page Not Found: js
ERROR - 2020-02-12 23:33:01 --> 404 Page Not Found: js
ERROR - 2020-02-12 23:33:01 --> 404 Page Not Found: js
ERROR - 2020-02-12 23:34:05 --> 404 Page Not Found: js
ERROR - 2020-02-12 23:34:05 --> 404 Page Not Found: js
ERROR - 2020-02-12 23:40:17 --> 404 Page Not Found: js
ERROR - 2020-02-12 23:40:18 --> 404 Page Not Found: js
ERROR - 2020-02-12 23:45:38 --> Severity: error --> Exception: syntax error, unexpected '<<' (T_SL) E:\xampp\htdocs\zgc-beta\application\models\Project_model.php 20
ERROR - 2020-02-12 23:47:09 --> Severity: error --> Exception: syntax error, unexpected '<<' (T_SL) E:\xampp\htdocs\zgc-beta\application\models\Project_model.php 20
ERROR - 2020-02-12 23:50:28 --> 404 Page Not Found: js
ERROR - 2020-02-12 23:50:28 --> 404 Page Not Found: js
ERROR - 2020-02-12 23:51:17 --> Severity: Notice --> Undefined variable: page E:\xampp\htdocs\zgc-beta\application\views\theme\myaccount\front\userdashboard.php 6
ERROR - 2020-02-12 23:51:46 --> 404 Page Not Found: js
ERROR - 2020-02-12 23:51:46 --> 404 Page Not Found: js
ERROR - 2020-02-12 23:57:47 --> 404 Page Not Found: js
ERROR - 2020-02-12 23:57:48 --> 404 Page Not Found: js
ERROR - 2020-02-12 23:58:07 --> 404 Page Not Found: js
ERROR - 2020-02-12 23:58:08 --> 404 Page Not Found: js
